#
# There is insufficient memory for the Java Runtime Environment to continue.
# Native memory allocation (malloc) failed to allocate 1188336 bytes for Chunk::new
# Possible reasons:
#   The system is out of physical RAM or swap space
#   The process is running with CompressedOops enabled, and the Java Heap may be blocking the growth of the native heap
# Possible solutions:
#   Reduce memory load on the system
#   Increase physical memory or swap space
#   Check if swap backing store is full
#   Decrease Java heap size (-Xmx/-Xms)
#   Decrease number of Java threads
#   Decrease Java thread stack sizes (-Xss)
#   Set larger code cache with -XX:ReservedCodeCacheSize=
#   JVM is running with Unscaled Compressed Oops mode in which the Java heap is
#     placed in the first 4GB address space. The Java Heap base address is the
#     maximum limit for the native heap growth. Please use -XX:HeapBaseMinAddress
#     to set the Java Heap base and to place the Java Heap above 4GB virtual address.
# This output file may be truncated or incomplete.
#
#  Out of Memory Error (./src/hotspot/share/memory/arena.cpp:197), pid=10120, tid=452
#
# JRE version: OpenJDK Runtime Environment AdoptOpenJDK (11.0.10+9) (build 11.0.10+9)
# Java VM: OpenJDK 64-Bit Server VM AdoptOpenJDK (11.0.10+9, mixed mode, tiered, compressed oops, g1 gc, windows-amd64)
# No core dump will be written. Minidumps are not enabled by default on client versions of Windows
#

---------------  S U M M A R Y ------------

Command Line: -Dmaven.multiModuleProjectDirectory=c:\Users\thomy.d\git\GestPP org.apache.maven.wrapper.MavenWrapperMain help:effective-pom -Doutput=c:\Users\thomy.d\AppData\Roaming\Code\User\workspaceStorage\c4f601087d09be3e0cc4f06d0376242a\vscjava.vscode-maven\abf4cb15d3b043f566e4af3a592288b1 -f c:\Users\thomy.d\git\GestPP\pom.xml

Host: Intel(R) Core(TM) i5-8250U CPU @ 1.60GHz, 8 cores, 7G,  Windows 10 , 64 bit Build 18362 (10.0.18362.1350)
Time: Thu Mar  4 17:34:19 2021 Hora estándar de Argentina elapsed time: 11.321289 seconds (0d 0h 0m 11s)

---------------  T H R E A D  ---------------

Current thread (0x0000016566ad3000):  JavaThread "C2 CompilerThread0" daemon [_thread_in_native, id=452, stack(0x0000005e23900000,0x0000005e23a00000)]


Current CompileTask:
C2:  11321 2983       4       org.eclipse.sisu.inject.LocatedBeans$Itr::hasNext (161 bytes)

Stack: [0x0000005e23900000,0x0000005e23a00000]
Native frames: (J=compiled Java code, j=interpreted, Vv=VM code, C=native code)
V  [jvm.dll+0x5f35ea]
V  [jvm.dll+0x77c65e]
V  [jvm.dll+0x77dd2f]
V  [jvm.dll+0x77e3f3]
V  [jvm.dll+0x246c38]
V  [jvm.dll+0xbe6cc]
V  [jvm.dll+0xbedcc]
V  [jvm.dll+0x34bf92]
V  [jvm.dll+0x319e33]
V  [jvm.dll+0x31916a]
V  [jvm.dll+0x200525]
V  [jvm.dll+0x1ff70f]
V  [jvm.dll+0x1846bc]
V  [jvm.dll+0x20ec37]
V  [jvm.dll+0x20ce1b]
V  [jvm.dll+0x740b39]
V  [jvm.dll+0x739ba4]
V  [jvm.dll+0x5f2466]
C  [ucrtbase.dll+0x210b2]
C  [KERNEL32.DLL+0x17c24]
C  [ntdll.dll+0x6d721]


---------------  P R O C E S S  ---------------

Threads class SMR info:
_java_thread_list=0x00000165680e9290, length=10, elements={
0x00000165471e8000, 0x0000016566194000, 0x0000016566197800, 0x0000016566b24800,
0x0000016566b29800, 0x0000016566b2b800, 0x0000016566ad3000, 0x0000016566add800,
0x0000016566ade800, 0x0000016566cbc800
}

Java Threads: ( => current thread )
  0x00000165471e8000 JavaThread "main" [_thread_in_Java, id=6928, stack(0x0000005e22d00000,0x0000005e22e00000)]
  0x0000016566194000 JavaThread "Reference Handler" daemon [_thread_blocked, id=4216, stack(0x0000005e23400000,0x0000005e23500000)]
  0x0000016566197800 JavaThread "Finalizer" daemon [_thread_blocked, id=7332, stack(0x0000005e23500000,0x0000005e23600000)]
  0x0000016566b24800 JavaThread "Signal Dispatcher" daemon [_thread_blocked, id=12004, stack(0x0000005e23600000,0x0000005e23700000)]
  0x0000016566b29800 JavaThread "Attach Listener" daemon [_thread_blocked, id=9728, stack(0x0000005e23700000,0x0000005e23800000)]
  0x0000016566b2b800 JavaThread "Service Thread" daemon [_thread_blocked, id=3088, stack(0x0000005e23800000,0x0000005e23900000)]
=>0x0000016566ad3000 JavaThread "C2 CompilerThread0" daemon [_thread_in_native, id=452, stack(0x0000005e23900000,0x0000005e23a00000)]
  0x0000016566add800 JavaThread "C1 CompilerThread0" daemon [_thread_blocked, id=8660, stack(0x0000005e23a00000,0x0000005e23b00000)]
  0x0000016566ade800 JavaThread "Sweeper thread" daemon [_thread_blocked, id=11976, stack(0x0000005e23b00000,0x0000005e23c00000)]
  0x0000016566cbc800 JavaThread "Common-Cleaner" daemon [_thread_blocked, id=5156, stack(0x0000005e23d00000,0x0000005e23e00000)]

Other Threads:
  0x000001656616d800 VMThread "VM Thread" [stack: 0x0000005e23300000,0x0000005e23400000] [id=6816]
  0x0000016566caf000 WatcherThread [stack: 0x0000005e23c00000,0x0000005e23d00000] [id=11652]
  0x0000016547203000 GCTaskThread "GC Thread#0" [stack: 0x0000005e22e00000,0x0000005e22f00000] [id=10520]
  0x00000165682f9000 GCTaskThread "GC Thread#1" [stack: 0x0000005e24000000,0x0000005e24100000] [id=12188]
  0x0000016567267000 GCTaskThread "GC Thread#2" [stack: 0x0000005e24100000,0x0000005e24200000] [id=9800]
  0x0000016547234800 ConcurrentGCThread "G1 Main Marker" [stack: 0x0000005e22f00000,0x0000005e23000000] [id=7860]
  0x0000016547236000 ConcurrentGCThread "G1 Conc#0" [stack: 0x0000005e23000000,0x0000005e23100000] [id=9232]
  0x000001656825c000 ConcurrentGCThread "G1 Conc#1" [stack: 0x0000005e23e00000,0x0000005e23f00000] [id=3480]
  0x0000016565fdb800 ConcurrentGCThread "G1 Refine#0" [stack: 0x0000005e23100000,0x0000005e23200000] [id=9268]
  0x0000016565fdc800 ConcurrentGCThread "G1 Young RemSet Sampling" [stack: 0x0000005e23200000,0x0000005e23300000] [id=5412]

Threads with active compile tasks:
C2 CompilerThread0  11350 2983       4       org.eclipse.sisu.inject.LocatedBeans$Itr::hasNext (161 bytes)

VM state:not at safepoint (normal execution)

VM Mutex/Monitor currently owned by a thread: None

Heap address: 0x0000000081a00000, size: 2022 MB, Compressed Oops mode: 32-bit
Narrow klass base: 0x0000000000000000, Narrow klass shift: 3
Compressed class space size: 1073741824 Address: 0x0000000100000000

Heap:
 garbage-first heap   total 131072K, used 50834K [0x0000000081a00000, 0x0000000100000000)
  region size 1024K, 50 young (51200K), 7 survivors (7168K)
 Metaspace       used 21327K, capacity 21715K, committed 21808K, reserved 1069056K
  class space    used 2252K, capacity 2389K, committed 2432K, reserved 1048576K
Heap Regions: E=young(eden), S=young(survivor), O=old, HS=humongous(starts), HC=humongous(continues), CS=collection set, F=free, A=archive, TAMS=top-at-mark-start (previous, next)
|   0|0x0000000081a00000, 0x0000000081aa4a00, 0x0000000081b00000| 64%| O|  |TAMS 0x0000000081aa4a00, 0x0000000081a00000| Untracked 
|   1|0x0000000081b00000, 0x0000000081b00000, 0x0000000081c00000|  0%| F|  |TAMS 0x0000000081b00000, 0x0000000081b00000| Untracked 
|   2|0x0000000081c00000, 0x0000000081c00000, 0x0000000081d00000|  0%| F|  |TAMS 0x0000000081c00000, 0x0000000081c00000| Untracked 
|   3|0x0000000081d00000, 0x0000000081d00000, 0x0000000081e00000|  0%| F|  |TAMS 0x0000000081d00000, 0x0000000081d00000| Untracked 
|   4|0x0000000081e00000, 0x0000000081e00000, 0x0000000081f00000|  0%| F|  |TAMS 0x0000000081e00000, 0x0000000081e00000| Untracked 
|   5|0x0000000081f00000, 0x0000000081f00000, 0x0000000082000000|  0%| F|  |TAMS 0x0000000081f00000, 0x0000000081f00000| Untracked 
|   6|0x0000000082000000, 0x0000000082000000, 0x0000000082100000|  0%| F|  |TAMS 0x0000000082000000, 0x0000000082000000| Untracked 
|   7|0x0000000082100000, 0x0000000082100000, 0x0000000082200000|  0%| F|  |TAMS 0x0000000082100000, 0x0000000082100000| Untracked 
|   8|0x0000000082200000, 0x0000000082200000, 0x0000000082300000|  0%| F|  |TAMS 0x0000000082200000, 0x0000000082200000| Untracked 
|   9|0x0000000082300000, 0x0000000082300000, 0x0000000082400000|  0%| F|  |TAMS 0x0000000082300000, 0x0000000082300000| Untracked 
|  10|0x0000000082400000, 0x0000000082400000, 0x0000000082500000|  0%| F|  |TAMS 0x0000000082400000, 0x0000000082400000| Untracked 
|  11|0x0000000082500000, 0x0000000082500000, 0x0000000082600000|  0%| F|  |TAMS 0x0000000082500000, 0x0000000082500000| Untracked 
|  12|0x0000000082600000, 0x0000000082600000, 0x0000000082700000|  0%| F|  |TAMS 0x0000000082600000, 0x0000000082600000| Untracked 
|  13|0x0000000082700000, 0x0000000082700000, 0x0000000082800000|  0%| F|  |TAMS 0x0000000082700000, 0x0000000082700000| Untracked 
|  14|0x0000000082800000, 0x0000000082800000, 0x0000000082900000|  0%| F|  |TAMS 0x0000000082800000, 0x0000000082800000| Untracked 
|  15|0x0000000082900000, 0x0000000082900000, 0x0000000082a00000|  0%| F|  |TAMS 0x0000000082900000, 0x0000000082900000| Untracked 
|  16|0x0000000082a00000, 0x0000000082a00000, 0x0000000082b00000|  0%| F|  |TAMS 0x0000000082a00000, 0x0000000082a00000| Untracked 
|  17|0x0000000082b00000, 0x0000000082b00000, 0x0000000082c00000|  0%| F|  |TAMS 0x0000000082b00000, 0x0000000082b00000| Untracked 
|  18|0x0000000082c00000, 0x0000000082c00000, 0x0000000082d00000|  0%| F|  |TAMS 0x0000000082c00000, 0x0000000082c00000| Untracked 
|  19|0x0000000082d00000, 0x0000000082d00000, 0x0000000082e00000|  0%| F|  |TAMS 0x0000000082d00000, 0x0000000082d00000| Untracked 
|  20|0x0000000082e00000, 0x0000000082e00000, 0x0000000082f00000|  0%| F|  |TAMS 0x0000000082e00000, 0x0000000082e00000| Untracked 
|  21|0x0000000082f00000, 0x0000000082f00000, 0x0000000083000000|  0%| F|  |TAMS 0x0000000082f00000, 0x0000000082f00000| Untracked 
|  22|0x0000000083000000, 0x0000000083000000, 0x0000000083100000|  0%| F|  |TAMS 0x0000000083000000, 0x0000000083000000| Untracked 
|  23|0x0000000083100000, 0x0000000083100000, 0x0000000083200000|  0%| F|  |TAMS 0x0000000083100000, 0x0000000083100000| Untracked 
|  24|0x0000000083200000, 0x0000000083200000, 0x0000000083300000|  0%| F|  |TAMS 0x0000000083200000, 0x0000000083200000| Untracked 
|  25|0x0000000083300000, 0x0000000083300000, 0x0000000083400000|  0%| F|  |TAMS 0x0000000083300000, 0x0000000083300000| Untracked 
|  26|0x0000000083400000, 0x0000000083400000, 0x0000000083500000|  0%| F|  |TAMS 0x0000000083400000, 0x0000000083400000| Untracked 
|  27|0x0000000083500000, 0x0000000083500000, 0x0000000083600000|  0%| F|  |TAMS 0x0000000083500000, 0x0000000083500000| Untracked 
|  28|0x0000000083600000, 0x0000000083600000, 0x0000000083700000|  0%| F|  |TAMS 0x0000000083600000, 0x0000000083600000| Untracked 
|  29|0x0000000083700000, 0x0000000083700000, 0x0000000083800000|  0%| F|  |TAMS 0x0000000083700000, 0x0000000083700000| Untracked 
|  30|0x0000000083800000, 0x0000000083800000, 0x0000000083900000|  0%| F|  |TAMS 0x0000000083800000, 0x0000000083800000| Untracked 
|  31|0x0000000083900000, 0x0000000083900000, 0x0000000083a00000|  0%| F|  |TAMS 0x0000000083900000, 0x0000000083900000| Untracked 
|  32|0x0000000083a00000, 0x0000000083a00000, 0x0000000083b00000|  0%| F|  |TAMS 0x0000000083a00000, 0x0000000083a00000| Untracked 
|  33|0x0000000083b00000, 0x0000000083b00000, 0x0000000083c00000|  0%| F|  |TAMS 0x0000000083b00000, 0x0000000083b00000| Untracked 
|  34|0x0000000083c00000, 0x0000000083c00000, 0x0000000083d00000|  0%| F|  |TAMS 0x0000000083c00000, 0x0000000083c00000| Untracked 
|  35|0x0000000083d00000, 0x0000000083d00000, 0x0000000083e00000|  0%| F|  |TAMS 0x0000000083d00000, 0x0000000083d00000| Untracked 
|  36|0x0000000083e00000, 0x0000000083e00000, 0x0000000083f00000|  0%| F|  |TAMS 0x0000000083e00000, 0x0000000083e00000| Untracked 
|  37|0x0000000083f00000, 0x0000000083f00000, 0x0000000084000000|  0%| F|  |TAMS 0x0000000083f00000, 0x0000000083f00000| Untracked 
|  38|0x0000000084000000, 0x0000000084000000, 0x0000000084100000|  0%| F|  |TAMS 0x0000000084000000, 0x0000000084000000| Untracked 
|  39|0x0000000084100000, 0x0000000084100000, 0x0000000084200000|  0%| F|  |TAMS 0x0000000084100000, 0x0000000084100000| Untracked 
|  40|0x0000000084200000, 0x0000000084200000, 0x0000000084300000|  0%| F|  |TAMS 0x0000000084200000, 0x0000000084200000| Untracked 
|  41|0x0000000084300000, 0x0000000084300000, 0x0000000084400000|  0%| F|  |TAMS 0x0000000084300000, 0x0000000084300000| Untracked 
|  42|0x0000000084400000, 0x0000000084400000, 0x0000000084500000|  0%| F|  |TAMS 0x0000000084400000, 0x0000000084400000| Untracked 
|  43|0x0000000084500000, 0x0000000084500000, 0x0000000084600000|  0%| F|  |TAMS 0x0000000084500000, 0x0000000084500000| Untracked 
|  44|0x0000000084600000, 0x0000000084600000, 0x0000000084700000|  0%| F|  |TAMS 0x0000000084600000, 0x0000000084600000| Untracked 
|  45|0x0000000084700000, 0x0000000084700000, 0x0000000084800000|  0%| F|  |TAMS 0x0000000084700000, 0x0000000084700000| Untracked 
|  46|0x0000000084800000, 0x0000000084800000, 0x0000000084900000|  0%| F|  |TAMS 0x0000000084800000, 0x0000000084800000| Untracked 
|  47|0x0000000084900000, 0x0000000084900000, 0x0000000084a00000|  0%| F|  |TAMS 0x0000000084900000, 0x0000000084900000| Untracked 
|  48|0x0000000084a00000, 0x0000000084a00000, 0x0000000084b00000|  0%| F|  |TAMS 0x0000000084a00000, 0x0000000084a00000| Untracked 
|  49|0x0000000084b00000, 0x0000000084b00000, 0x0000000084c00000|  0%| F|  |TAMS 0x0000000084b00000, 0x0000000084b00000| Untracked 
|  50|0x0000000084c00000, 0x0000000084c00000, 0x0000000084d00000|  0%| F|  |TAMS 0x0000000084c00000, 0x0000000084c00000| Untracked 
|  51|0x0000000084d00000, 0x0000000084d00000, 0x0000000084e00000|  0%| F|  |TAMS 0x0000000084d00000, 0x0000000084d00000| Untracked 
|  52|0x0000000084e00000, 0x0000000084e00000, 0x0000000084f00000|  0%| F|  |TAMS 0x0000000084e00000, 0x0000000084e00000| Untracked 
|  53|0x0000000084f00000, 0x0000000084f00000, 0x0000000085000000|  0%| F|  |TAMS 0x0000000084f00000, 0x0000000084f00000| Untracked 
|  54|0x0000000085000000, 0x0000000085000000, 0x0000000085100000|  0%| F|  |TAMS 0x0000000085000000, 0x0000000085000000| Untracked 
|  55|0x0000000085100000, 0x0000000085100000, 0x0000000085200000|  0%| F|  |TAMS 0x0000000085100000, 0x0000000085100000| Untracked 
|  56|0x0000000085200000, 0x0000000085200000, 0x0000000085300000|  0%| F|  |TAMS 0x0000000085200000, 0x0000000085200000| Untracked 
|  57|0x0000000085300000, 0x0000000085300000, 0x0000000085400000|  0%| F|  |TAMS 0x0000000085300000, 0x0000000085300000| Untracked 
|  58|0x0000000085400000, 0x0000000085400000, 0x0000000085500000|  0%| F|  |TAMS 0x0000000085400000, 0x0000000085400000| Untracked 
|  59|0x0000000085500000, 0x0000000085500000, 0x0000000085600000|  0%| F|  |TAMS 0x0000000085500000, 0x0000000085500000| Untracked 
|  60|0x0000000085600000, 0x0000000085600000, 0x0000000085700000|  0%| F|  |TAMS 0x0000000085600000, 0x0000000085600000| Untracked 
|  61|0x0000000085700000, 0x0000000085700000, 0x0000000085800000|  0%| F|  |TAMS 0x0000000085700000, 0x0000000085700000| Untracked 
|  62|0x0000000085800000, 0x0000000085900000, 0x0000000085900000|100%| S|CS|TAMS 0x0000000085800000, 0x0000000085800000| Complete 
|  63|0x0000000085900000, 0x0000000085a00000, 0x0000000085a00000|100%| S|CS|TAMS 0x0000000085900000, 0x0000000085900000| Complete 
|  64|0x0000000085a00000, 0x0000000085b00000, 0x0000000085b00000|100%| S|CS|TAMS 0x0000000085a00000, 0x0000000085a00000| Complete 
|  65|0x0000000085b00000, 0x0000000085c00000, 0x0000000085c00000|100%| S|CS|TAMS 0x0000000085b00000, 0x0000000085b00000| Complete 
|  66|0x0000000085c00000, 0x0000000085d00000, 0x0000000085d00000|100%| S|CS|TAMS 0x0000000085c00000, 0x0000000085c00000| Complete 
|  67|0x0000000085d00000, 0x0000000085e00000, 0x0000000085e00000|100%| S|CS|TAMS 0x0000000085d00000, 0x0000000085d00000| Complete 
|  68|0x0000000085e00000, 0x0000000085f00000, 0x0000000085f00000|100%| S|CS|TAMS 0x0000000085e00000, 0x0000000085e00000| Complete 
|  69|0x0000000085f00000, 0x0000000085f00000, 0x0000000086000000|  0%| F|  |TAMS 0x0000000085f00000, 0x0000000085f00000| Untracked 
|  70|0x0000000086000000, 0x0000000086000000, 0x0000000086100000|  0%| F|  |TAMS 0x0000000086000000, 0x0000000086000000| Untracked 
|  71|0x0000000086100000, 0x0000000086100000, 0x0000000086200000|  0%| F|  |TAMS 0x0000000086100000, 0x0000000086100000| Untracked 
|  72|0x0000000086200000, 0x0000000086200000, 0x0000000086300000|  0%| F|  |TAMS 0x0000000086200000, 0x0000000086200000| Untracked 
|  73|0x0000000086300000, 0x0000000086300000, 0x0000000086400000|  0%| F|  |TAMS 0x0000000086300000, 0x0000000086300000| Untracked 
|  74|0x0000000086400000, 0x0000000086400000, 0x0000000086500000|  0%| F|  |TAMS 0x0000000086400000, 0x0000000086400000| Untracked 
|  75|0x0000000086500000, 0x0000000086500000, 0x0000000086600000|  0%| F|  |TAMS 0x0000000086500000, 0x0000000086500000| Untracked 
|  76|0x0000000086600000, 0x0000000086600000, 0x0000000086700000|  0%| F|  |TAMS 0x0000000086600000, 0x0000000086600000| Untracked 
|  77|0x0000000086700000, 0x0000000086700000, 0x0000000086800000|  0%| F|  |TAMS 0x0000000086700000, 0x0000000086700000| Untracked 
|  78|0x0000000086800000, 0x0000000086800000, 0x0000000086900000|  0%| F|  |TAMS 0x0000000086800000, 0x0000000086800000| Untracked 
|  79|0x0000000086900000, 0x0000000086900000, 0x0000000086a00000|  0%| F|  |TAMS 0x0000000086900000, 0x0000000086900000| Untracked 
|  80|0x0000000086a00000, 0x0000000086a00000, 0x0000000086b00000|  0%| F|  |TAMS 0x0000000086a00000, 0x0000000086a00000| Untracked 
|  81|0x0000000086b00000, 0x0000000086b00000, 0x0000000086c00000|  0%| F|  |TAMS 0x0000000086b00000, 0x0000000086b00000| Untracked 
|  82|0x0000000086c00000, 0x0000000086c00000, 0x0000000086d00000|  0%| F|  |TAMS 0x0000000086c00000, 0x0000000086c00000| Untracked 
|  83|0x0000000086d00000, 0x0000000086d00000, 0x0000000086e00000|  0%| F|  |TAMS 0x0000000086d00000, 0x0000000086d00000| Untracked 
|  84|0x0000000086e00000, 0x0000000086e00000, 0x0000000086f00000|  0%| F|  |TAMS 0x0000000086e00000, 0x0000000086e00000| Untracked 
|  85|0x0000000086f00000, 0x0000000086f80800, 0x0000000087000000| 50%| E|  |TAMS 0x0000000086f00000, 0x0000000086f00000| Complete 
|  86|0x0000000087000000, 0x0000000087100000, 0x0000000087100000|100%| E|CS|TAMS 0x0000000087000000, 0x0000000087000000| Complete 
|  87|0x0000000087100000, 0x0000000087200000, 0x0000000087200000|100%| E|CS|TAMS 0x0000000087100000, 0x0000000087100000| Complete 
|  88|0x0000000087200000, 0x0000000087300000, 0x0000000087300000|100%| E|CS|TAMS 0x0000000087200000, 0x0000000087200000| Complete 
|  89|0x0000000087300000, 0x0000000087400000, 0x0000000087400000|100%| E|CS|TAMS 0x0000000087300000, 0x0000000087300000| Complete 
|  90|0x0000000087400000, 0x0000000087500000, 0x0000000087500000|100%| E|CS|TAMS 0x0000000087400000, 0x0000000087400000| Complete 
|  91|0x0000000087500000, 0x0000000087600000, 0x0000000087600000|100%| E|CS|TAMS 0x0000000087500000, 0x0000000087500000| Complete 
|  92|0x0000000087600000, 0x0000000087700000, 0x0000000087700000|100%| E|CS|TAMS 0x0000000087600000, 0x0000000087600000| Complete 
|  93|0x0000000087700000, 0x0000000087800000, 0x0000000087800000|100%| E|CS|TAMS 0x0000000087700000, 0x0000000087700000| Complete 
|  94|0x0000000087800000, 0x0000000087900000, 0x0000000087900000|100%| E|CS|TAMS 0x0000000087800000, 0x0000000087800000| Complete 
|  95|0x0000000087900000, 0x0000000087a00000, 0x0000000087a00000|100%| E|CS|TAMS 0x0000000087900000, 0x0000000087900000| Complete 
|  96|0x0000000087a00000, 0x0000000087b00000, 0x0000000087b00000|100%| E|CS|TAMS 0x0000000087a00000, 0x0000000087a00000| Complete 
|  97|0x0000000087b00000, 0x0000000087c00000, 0x0000000087c00000|100%| E|CS|TAMS 0x0000000087b00000, 0x0000000087b00000| Complete 
|  98|0x0000000087c00000, 0x0000000087d00000, 0x0000000087d00000|100%| E|CS|TAMS 0x0000000087c00000, 0x0000000087c00000| Complete 
|  99|0x0000000087d00000, 0x0000000087e00000, 0x0000000087e00000|100%| E|CS|TAMS 0x0000000087d00000, 0x0000000087d00000| Complete 
| 100|0x0000000087e00000, 0x0000000087f00000, 0x0000000087f00000|100%| E|CS|TAMS 0x0000000087e00000, 0x0000000087e00000| Complete 
| 101|0x0000000087f00000, 0x0000000088000000, 0x0000000088000000|100%| E|CS|TAMS 0x0000000087f00000, 0x0000000087f00000| Complete 
| 102|0x0000000088000000, 0x0000000088100000, 0x0000000088100000|100%| E|CS|TAMS 0x0000000088000000, 0x0000000088000000| Complete 
| 103|0x0000000088100000, 0x0000000088200000, 0x0000000088200000|100%| E|CS|TAMS 0x0000000088100000, 0x0000000088100000| Complete 
| 104|0x0000000088200000, 0x0000000088300000, 0x0000000088300000|100%| E|CS|TAMS 0x0000000088200000, 0x0000000088200000| Complete 
| 105|0x0000000088300000, 0x0000000088400000, 0x0000000088400000|100%| E|CS|TAMS 0x0000000088300000, 0x0000000088300000| Complete 
| 106|0x0000000088400000, 0x0000000088500000, 0x0000000088500000|100%| E|CS|TAMS 0x0000000088400000, 0x0000000088400000| Complete 
| 107|0x0000000088500000, 0x0000000088600000, 0x0000000088600000|100%| E|CS|TAMS 0x0000000088500000, 0x0000000088500000| Complete 
| 108|0x0000000088600000, 0x0000000088700000, 0x0000000088700000|100%| E|CS|TAMS 0x0000000088600000, 0x0000000088600000| Complete 
| 109|0x0000000088700000, 0x0000000088800000, 0x0000000088800000|100%| E|CS|TAMS 0x0000000088700000, 0x0000000088700000| Complete 
| 110|0x0000000088800000, 0x0000000088900000, 0x0000000088900000|100%| E|CS|TAMS 0x0000000088800000, 0x0000000088800000| Complete 
| 111|0x0000000088900000, 0x0000000088a00000, 0x0000000088a00000|100%| E|CS|TAMS 0x0000000088900000, 0x0000000088900000| Complete 
| 112|0x0000000088a00000, 0x0000000088b00000, 0x0000000088b00000|100%| E|CS|TAMS 0x0000000088a00000, 0x0000000088a00000| Complete 
| 113|0x0000000088b00000, 0x0000000088c00000, 0x0000000088c00000|100%| E|CS|TAMS 0x0000000088b00000, 0x0000000088b00000| Complete 
| 114|0x0000000088c00000, 0x0000000088d00000, 0x0000000088d00000|100%| E|CS|TAMS 0x0000000088c00000, 0x0000000088c00000| Complete 
| 115|0x0000000088d00000, 0x0000000088e00000, 0x0000000088e00000|100%| E|CS|TAMS 0x0000000088d00000, 0x0000000088d00000| Complete 
| 116|0x0000000088e00000, 0x0000000088f00000, 0x0000000088f00000|100%| E|CS|TAMS 0x0000000088e00000, 0x0000000088e00000| Complete 
| 117|0x0000000088f00000, 0x0000000089000000, 0x0000000089000000|100%| E|CS|TAMS 0x0000000088f00000, 0x0000000088f00000| Complete 
| 118|0x0000000089000000, 0x0000000089100000, 0x0000000089100000|100%| E|CS|TAMS 0x0000000089000000, 0x0000000089000000| Complete 
| 119|0x0000000089100000, 0x0000000089200000, 0x0000000089200000|100%| E|CS|TAMS 0x0000000089100000, 0x0000000089100000| Complete 
| 120|0x0000000089200000, 0x0000000089300000, 0x0000000089300000|100%| E|CS|TAMS 0x0000000089200000, 0x0000000089200000| Complete 
| 121|0x0000000089300000, 0x0000000089400000, 0x0000000089400000|100%| E|CS|TAMS 0x0000000089300000, 0x0000000089300000| Complete 
| 122|0x0000000089400000, 0x0000000089500000, 0x0000000089500000|100%| E|CS|TAMS 0x0000000089400000, 0x0000000089400000| Complete 
| 123|0x0000000089500000, 0x0000000089600000, 0x0000000089600000|100%| E|CS|TAMS 0x0000000089500000, 0x0000000089500000| Complete 
| 124|0x0000000089600000, 0x0000000089700000, 0x0000000089700000|100%| E|CS|TAMS 0x0000000089600000, 0x0000000089600000| Complete 
| 125|0x0000000089700000, 0x0000000089800000, 0x0000000089800000|100%| E|CS|TAMS 0x0000000089700000, 0x0000000089700000| Complete 
| 126|0x0000000089800000, 0x0000000089900000, 0x0000000089900000|100%| E|CS|TAMS 0x0000000089800000, 0x0000000089800000| Complete 
| 127|0x0000000089900000, 0x0000000089a00000, 0x0000000089a00000|100%| E|CS|TAMS 0x0000000089900000, 0x0000000089900000| Complete 

Card table byte_map: [0x000001655eff0000,0x000001655f3f0000] _byte_map_base: 0x000001655ebe3000

Marking Bits (Prev, Next): (CMBitMap*) 0x000001654722bbd0, (CMBitMap*) 0x000001654722bb98
 Prev Bits: [0x0000016561790000, 0x0000016563728000)
 Next Bits: [0x000001655f7f0000, 0x0000016561788000)

Polling page: 0x0000016545110000

Metaspace:

Usage:
  Non-class:     18.87 MB capacity,    18.63 MB ( 99%) used,   227.02 KB (  1%) free+waste,    24.19 KB ( <1%) overhead. 
      Class:      2.33 MB capacity,     2.20 MB ( 94%) used,   126.62 KB (  5%) free+waste,     9.69 KB ( <1%) overhead. 
       Both:     21.21 MB capacity,    20.83 MB ( 98%) used,   353.63 KB (  2%) free+waste,    33.88 KB ( <1%) overhead. 

Virtual space:
  Non-class space:       20.00 MB reserved,      18.92 MB ( 95%) committed 
      Class space:        1.00 GB reserved,       2.38 MB ( <1%) committed 
             Both:        1.02 GB reserved,      21.30 MB (  2%) committed 

Chunk freelists:
   Non-Class:  2.00 KB
       Class:  11.00 KB
        Both:  13.00 KB

MaxMetaspaceSize: 17179869184.00 GB
CompressedClassSpaceSize: 1.00 GB

CodeHeap 'non-profiled nmethods': size=120000Kb used=1507Kb max_used=1507Kb free=118492Kb
 bounds [0x0000016557390000, 0x0000016557600000, 0x000001655e8c0000]
CodeHeap 'profiled nmethods': size=120000Kb used=6125Kb max_used=6125Kb free=113874Kb
 bounds [0x000001654fe60000, 0x0000016550460000, 0x0000016557390000]
CodeHeap 'non-nmethods': size=5760Kb used=1113Kb max_used=1205Kb free=4646Kb
 bounds [0x000001654f8c0000, 0x000001654fb30000, 0x000001654fe60000]
 total_blobs=3419 nmethods=2988 adapters=342
 compilation: enabled
              stopped_count=0, restarted_count=0
 full_count=0

Compilation events (20 events):
Event: 11.228 Thread 0x0000016566add800 2985       1       org.apache.maven.model.Model::setDevelopers (6 bytes)
Event: 11.228 Thread 0x0000016566add800 nmethod 2985 0x0000016557504a10 code [0x0000016557504bc0, 0x0000016557504cd8]
Event: 11.229 Thread 0x0000016566add800 2986       1       org.apache.maven.model.FileSet::getDirectory (5 bytes)
Event: 11.229 Thread 0x0000016566add800 nmethod 2986 0x0000016557504d90 code [0x0000016557504f40, 0x0000016557504ff8]
Event: 11.229 Thread 0x0000016566add800 2987       3       java.util.LinkedHashSet::<init> (27 bytes)
Event: 11.230 Thread 0x0000016566add800 nmethod 2987 0x0000016550451290 code [0x00000165504514c0, 0x0000016550451ae8]
Event: 11.231 Thread 0x00000165672c3000 nmethod 2982 0x0000016557505090 code [0x0000016557505240, 0x00000165575056d8]
Event: 11.231 Thread 0x00000165672c3000 2984       4       com.google.inject.internal.InternalContext::doPushState (63 bytes)
Event: 11.234 Thread 0x00000165684cb800 nmethod 2961 0x0000016557505a10 code [0x0000016557505ca0, 0x0000016557506c38]
Event: 11.235 Thread 0x0000016566add800 2989       3       org.apache.maven.model.Model::getProjectDirectory (19 bytes)
Event: 11.235 Thread 0x0000016566add800 nmethod 2989 0x0000016550451d90 code [0x0000016550451f80, 0x0000016550452368]
Event: 11.235 Thread 0x0000016566add800 2988  s    3       java.util.Properties::putAll (9 bytes)
Event: 11.236 Thread 0x0000016566add800 nmethod 2988 0x0000016550452510 code [0x00000165504526e0, 0x0000016550452988]
Event: 11.236 Thread 0x0000016566add800 2990       1       org.apache.maven.model.Model::setLicenses (6 bytes)
Event: 11.236 Thread 0x0000016566add800 nmethod 2990 0x0000016557507990 code [0x0000016557507b40, 0x0000016557507c58]
Event: 11.236 Thread 0x0000016566add800 2991       3       org.apache.maven.model.DependencyManagement::getDependencies (23 bytes)
Event: 11.236 Thread 0x0000016566add800 nmethod 2991 0x0000016550452a90 code [0x0000016550452c60, 0x0000016550453038]
Event: 11.236 Thread 0x0000016566add800 2992       1       org.eclipse.aether.graph.Dependency::getArtifact (5 bytes)
Event: 11.236 Thread 0x0000016566add800 nmethod 2992 0x0000016557507d10 code [0x0000016557507ec0, 0x0000016557507f78]
Event: 11.239 Thread 0x00000165672c3000 nmethod 2984 0x0000016557508010 code [0x00000165575081c0, 0x0000016557508818]

GC Heap History (4 events):
Event: 3.575 GC heap before
{Heap before GC invocations=0 (full 0):
 garbage-first heap   total 131072K, used 23552K [0x0000000081a00000, 0x0000000100000000)
  region size 1024K, 24 young (24576K), 0 survivors (0K)
 Metaspace       used 13400K, capacity 13668K, committed 13824K, reserved 1060864K
  class space    used 1350K, capacity 1429K, committed 1536K, reserved 1048576K
}
Event: 3.638 GC heap after
{Heap after GC invocations=1 (full 0):
 garbage-first heap   total 131072K, used 3730K [0x0000000081a00000, 0x0000000100000000)
  region size 1024K, 3 young (3072K), 3 survivors (3072K)
 Metaspace       used 13400K, capacity 13668K, committed 13824K, reserved 1060864K
  class space    used 1350K, capacity 1429K, committed 1536K, reserved 1048576K
}
Event: 8.721 GC heap before
{Heap before GC invocations=1 (full 0):
 garbage-first heap   total 131072K, used 60050K [0x0000000081a00000, 0x0000000100000000)
  region size 1024K, 59 young (60416K), 3 survivors (3072K)
 Metaspace       used 20790K, capacity 21167K, committed 21296K, reserved 1069056K
  class space    used 2221K, capacity 2356K, committed 2432K, reserved 1048576K
}
Event: 8.757 GC heap after
{Heap after GC invocations=2 (full 0):
 garbage-first heap   total 131072K, used 7826K [0x0000000081a00000, 0x0000000100000000)
  region size 1024K, 7 young (7168K), 7 survivors (7168K)
 Metaspace       used 20790K, capacity 21167K, committed 21296K, reserved 1069056K
  class space    used 2221K, capacity 2356K, committed 2432K, reserved 1048576K
}

Deoptimization events (20 events):
Event: 11.090 Thread 0x00000165471e8000 Uncommon trap: trap_request=0xffffff4d fr.pc=0x00000165573db48c relative=0x000000000000070c
Event: 11.090 Thread 0x00000165471e8000 Uncommon trap: reason=unstable_if action=reinterpret pc=0x00000165573db48c method=java.util.HashMap.hash(Ljava/lang/Object;)I @ 1 c2
Event: 11.090 Thread 0x00000165471e8000 DEOPT PACKING pc=0x00000165573db48c sp=0x0000005e22dfd5f0
Event: 11.090 Thread 0x00000165471e8000 DEOPT UNPACKING pc=0x000001654f8e78af sp=0x0000005e22dfd570 mode 2
Event: 11.234 Thread 0x00000165471e8000 Uncommon trap: trap_request=0xffffffbe fr.pc=0x000001655750690c relative=0x0000000000000c6c
Event: 11.234 Thread 0x00000165471e8000 Uncommon trap: reason=profile_predicate action=maybe_recompile pc=0x000001655750690c method=java.util.regex.Pattern$CharPropertyGreedy.match(Ljava/util/regex/Matcher;ILjava/lang/CharSequence;)Z @ 12 c2
Event: 11.234 Thread 0x00000165471e8000 DEOPT PACKING pc=0x000001655750690c sp=0x0000005e22dfc3d0
Event: 11.235 Thread 0x00000165471e8000 DEOPT UNPACKING pc=0x000001654f8e78af sp=0x0000005e22dfc370 mode 2
Event: 11.235 Thread 0x00000165471e8000 Uncommon trap: trap_request=0xffffffbe fr.pc=0x000001655750690c relative=0x0000000000000c6c
Event: 11.235 Thread 0x00000165471e8000 Uncommon trap: reason=profile_predicate action=maybe_recompile pc=0x000001655750690c method=java.util.regex.Pattern$CharPropertyGreedy.match(Ljava/util/regex/Matcher;ILjava/lang/CharSequence;)Z @ 12 c2
Event: 11.235 Thread 0x00000165471e8000 DEOPT PACKING pc=0x000001655750690c sp=0x0000005e22dfc000
Event: 11.235 Thread 0x00000165471e8000 DEOPT UNPACKING pc=0x000001654f8e78af sp=0x0000005e22dfbfa0 mode 2
Event: 11.235 Thread 0x00000165471e8000 Uncommon trap: trap_request=0xffffffbe fr.pc=0x000001655750690c relative=0x0000000000000c6c
Event: 11.235 Thread 0x00000165471e8000 Uncommon trap: reason=profile_predicate action=maybe_recompile pc=0x000001655750690c method=java.util.regex.Pattern$CharPropertyGreedy.match(Ljava/util/regex/Matcher;ILjava/lang/CharSequence;)Z @ 12 c2
Event: 11.235 Thread 0x00000165471e8000 DEOPT PACKING pc=0x000001655750690c sp=0x0000005e22dfc000
Event: 11.235 Thread 0x00000165471e8000 DEOPT UNPACKING pc=0x000001654f8e78af sp=0x0000005e22dfbfa0 mode 2
Event: 11.235 Thread 0x00000165471e8000 Uncommon trap: trap_request=0xffffffbe fr.pc=0x000001655750690c relative=0x0000000000000c6c
Event: 11.235 Thread 0x00000165471e8000 Uncommon trap: reason=profile_predicate action=maybe_recompile pc=0x000001655750690c method=java.util.regex.Pattern$CharPropertyGreedy.match(Ljava/util/regex/Matcher;ILjava/lang/CharSequence;)Z @ 12 c2
Event: 11.235 Thread 0x00000165471e8000 DEOPT PACKING pc=0x000001655750690c sp=0x0000005e22dfbe40
Event: 11.235 Thread 0x00000165471e8000 DEOPT UNPACKING pc=0x000001654f8e78af sp=0x0000005e22dfbde0 mode 2

Classes redefined (0 events):
No events

Internal exceptions (12 events):
Event: 0.708 Thread 0x00000165471e8000 Exception <a 'java/lang/NoSuchMethodError'{0x0000000089547830}: 'int java.lang.invoke.DirectMethodHandle$Holder.invokeSpecialIFC(java.lang.Object, java.lang.Object, int)'> (0x0000000089547830) thrown at [./src/hotspot/share/interpreter/linkResolver.cpp, line 773]
Event: 0.839 Thread 0x00000165471e8000 Exception <a 'java/lang/NoSuchMethodError'{0x0000000089436f38}: 'java.lang.Object java.lang.invoke.DirectMethodHandle$Holder.invokeStaticInit(java.lang.Object, int, int, int, int)'> (0x0000000089436f38) thrown at [./src/hotspot/share/interpreter/linkResolver.cpp, line 773]
Event: 2.004 Thread 0x00000165471e8000 Exception <a 'java/lang/NoSuchMethodError'{0x00000000894a7dd0}: 'java.lang.Object java.lang.invoke.DirectMethodHandle$Holder.invokeStaticInit(java.lang.Object, java.lang.Object, int, int, int, int)'> (0x00000000894a7dd0) thrown at [./src/hotspot/share/interpreter/linkResolver.cpp, line 773]
Event: 6.253 Thread 0x00000165471e8000 Exception <a 'java/lang/NoClassDefFoundError'{0x000000008706fe58}: com/google/inject/servlet/ServletModuleTargetVisitor> (0x000000008706fe58) thrown at [./src/hotspot/share/classfile/systemDictionary.cpp, line 220]
Event: 6.253 Thread 0x00000165471e8000 Exception <a 'java/lang/NoClassDefFoundError'{0x000000008706fe58}> (0x000000008706fe58) thrown at [./src/hotspot/share/prims/jvm.cpp, line 1310]
Event: 6.253 Thread 0x00000165471e8000 Exception <a 'java/lang/NoClassDefFoundError'{0x0000000087073e98}: javax/annotation/Priority> (0x0000000087073e98) thrown at [./src/hotspot/share/classfile/systemDictionary.cpp, line 220]
Event: 7.077 Thread 0x00000165471e8000 Implicit null exception at 0x00000165573b2074 to 0x00000165573b2574
Event: 7.077 Thread 0x00000165471e8000 Implicit null exception at 0x00000165573cd574 to 0x00000165573cda4c
Event: 11.090 Thread 0x00000165471e8000 Implicit null exception at 0x000001655748371a to 0x0000016557483968
Event: 11.090 Thread 0x00000165471e8000 Implicit null exception at 0x000001655746ae1f to 0x000001655746c8e0
Event: 11.090 Thread 0x00000165471e8000 Implicit null exception at 0x00000165573ff175 to 0x00000165573ff33c
Event: 11.090 Thread 0x00000165471e8000 Implicit null exception at 0x00000165573dadbb to 0x00000165573db470

Events (20 events):
Event: 11.117 loading class org/eclipse/aether/internal/impl/collect/NodeStack
Event: 11.117 loading class org/eclipse/aether/internal/impl/collect/NodeStack done
Event: 11.117 loading class org/eclipse/aether/internal/impl/collect/DefaultDependencyCollectionContext
Event: 11.117 loading class org/eclipse/aether/internal/impl/collect/DefaultDependencyCollectionContext done
Event: 11.118 loading class org/eclipse/aether/graph/DependencyCycle
Event: 11.118 loading class org/eclipse/aether/graph/DependencyCycle done
Event: 11.118 loading class org/eclipse/aether/util/graph/manager/ClassicDependencyManager$Key
Event: 11.118 loading class org/eclipse/aether/util/graph/manager/ClassicDependencyManager$Key done
Event: 11.119 loading class org/eclipse/aether/internal/impl/collect/DataPool$ConstraintKey
Event: 11.119 loading class org/eclipse/aether/internal/impl/collect/DataPool$ConstraintKey done
Event: 11.120 loading class org/eclipse/aether/internal/impl/collect/DataPool$Constraint
Event: 11.120 loading class org/eclipse/aether/internal/impl/collect/DataPool$Constraint done
Event: 11.120 loading class org/eclipse/aether/internal/impl/collect/DataPool$Constraint$VersionRepo
Event: 11.120 loading class org/eclipse/aether/internal/impl/collect/DataPool$Constraint$VersionRepo done
Event: 11.177 loading class org/eclipse/aether/internal/impl/collect/DataPool$GoodDescriptor
Event: 11.177 loading class org/eclipse/aether/internal/impl/collect/DataPool$GoodDescriptor done
Event: 11.178 loading class org/eclipse/aether/internal/impl/collect/DataPool$Descriptor
Event: 11.178 loading class org/eclipse/aether/internal/impl/collect/DataPool$Descriptor done
Event: 11.180 loading class org/eclipse/aether/internal/impl/collect/DataPool$GraphKey
Event: 11.180 loading class org/eclipse/aether/internal/impl/collect/DataPool$GraphKey done


Dynamic libraries:
0x00007ff611210000 - 0x00007ff61121d000 	C:\Program Files\AdoptOpenJDK\jdk-11.0.10.9-hotspot\bin\java.exe
0x00007ffe007e0000 - 0x00007ffe009d0000 	C:\Windows\SYSTEM32\ntdll.dll
0x00007ffdff360000 - 0x00007ffdff412000 	C:\Windows\System32\KERNEL32.DLL
0x00007ffdfd9e0000 - 0x00007ffdfdc85000 	C:\Windows\System32\KERNELBASE.dll
0x00007ffdfb530000 - 0x00007ffdfb5bf000 	C:\Windows\SYSTEM32\apphelp.dll
0x00007ffdfd8e0000 - 0x00007ffdfd9da000 	C:\Windows\System32\ucrtbase.dll
0x00007ffdde430000 - 0x00007ffdde447000 	C:\Program Files\AdoptOpenJDK\jdk-11.0.10.9-hotspot\bin\jli.dll
0x00007ffe00530000 - 0x00007ffe006c4000 	C:\Windows\System32\USER32.dll
0x00007ffdfdcb0000 - 0x00007ffdfdcd1000 	C:\Windows\System32\win32u.dll
0x00007ffdfea30000 - 0x00007ffdfea56000 	C:\Windows\System32\GDI32.dll
0x00007ffdfdd30000 - 0x00007ffdfdec8000 	C:\Windows\System32\gdi32full.dll
0x00007ffdfd840000 - 0x00007ffdfd8de000 	C:\Windows\System32\msvcp_win.dll
0x00007ffddd210000 - 0x00007ffddd225000 	C:\Program Files\AdoptOpenJDK\jdk-11.0.10.9-hotspot\bin\VCRUNTIME140.dll
0x00007ffdea200000 - 0x00007ffdea484000 	C:\Windows\WinSxS\amd64_microsoft.windows.common-controls_6595b64144ccf1df_6.0.18362.1379_none_9e7ff3b3e45cc0c4\COMCTL32.dll
0x00007ffdfea60000 - 0x00007ffdfeafe000 	C:\Windows\System32\msvcrt.dll
0x00007ffdff680000 - 0x00007ffdff9b7000 	C:\Windows\System32\combase.dll
0x00007ffe00410000 - 0x00007ffe0052f000 	C:\Windows\System32\RPCRT4.dll
0x00007ffdfdf30000 - 0x00007ffdfdfb1000 	C:\Windows\System32\bcryptPrimitives.dll
0x00007ffdff9c0000 - 0x00007ffdff9ee000 	C:\Windows\System32\IMM32.DLL
0x00007ffdcab40000 - 0x00007ffdcabdb000 	C:\Program Files\AdoptOpenJDK\jdk-11.0.10.9-hotspot\bin\msvcp140.dll
0x00007ffdc4450000 - 0x00007ffdc4f93000 	C:\Program Files\AdoptOpenJDK\jdk-11.0.10.9-hotspot\bin\server\jvm.dll
0x00007ffe00360000 - 0x00007ffe00403000 	C:\Windows\System32\ADVAPI32.dll
0x00007ffdff5e0000 - 0x00007ffdff677000 	C:\Windows\System32\sechost.dll
0x00007ffdffbf0000 - 0x00007ffdffbf8000 	C:\Windows\System32\PSAPI.DLL
0x00007ffdf1040000 - 0x00007ffdf1049000 	C:\Windows\SYSTEM32\WSOCK32.dll
0x00007ffe002f0000 - 0x00007ffe0035f000 	C:\Windows\System32\WS2_32.dll
0x00007ffdfb390000 - 0x00007ffdfb3b4000 	C:\Windows\SYSTEM32\WINMM.dll
0x00007ffdf8bd0000 - 0x00007ffdf8bda000 	C:\Windows\SYSTEM32\VERSION.dll
0x00007ffdfb330000 - 0x00007ffdfb35d000 	C:\Windows\SYSTEM32\WINMMBASE.dll
0x00007ffdfdce0000 - 0x00007ffdfdd2a000 	C:\Windows\System32\cfgmgr32.dll
0x00007ffdfd740000 - 0x00007ffdfd751000 	C:\Windows\System32\kernel.appcore.dll
0x00007ffde6130000 - 0x00007ffde6140000 	C:\Program Files\AdoptOpenJDK\jdk-11.0.10.9-hotspot\bin\verify.dll
0x00007ffdfbf70000 - 0x00007ffdfc164000 	C:\Windows\SYSTEM32\DBGHELP.DLL
0x00007ffde5940000 - 0x00007ffde596a000 	C:\Windows\SYSTEM32\dbgcore.DLL
0x00007ffddae60000 - 0x00007ffddae88000 	C:\Program Files\AdoptOpenJDK\jdk-11.0.10.9-hotspot\bin\java.dll
0x00007ffde5fe0000 - 0x00007ffde5fea000 	C:\Program Files\AdoptOpenJDK\jdk-11.0.10.9-hotspot\bin\jimage.dll
0x00007ffddd020000 - 0x00007ffddd037000 	C:\Program Files\AdoptOpenJDK\jdk-11.0.10.9-hotspot\bin\zip.dll
0x00007ffdffc00000 - 0x00007ffe002e8000 	C:\Windows\System32\SHELL32.dll
0x00007ffdfe980000 - 0x00007ffdfea27000 	C:\Windows\System32\shcore.dll
0x00007ffdfe110000 - 0x00007ffdfe88b000 	C:\Windows\System32\windows.storage.dll
0x00007ffdfd6f0000 - 0x00007ffdfd713000 	C:\Windows\System32\profapi.dll
0x00007ffdfd6a0000 - 0x00007ffdfd6ea000 	C:\Windows\System32\powrprof.dll
0x00007ffdfd690000 - 0x00007ffdfd6a0000 	C:\Windows\System32\UMPDC.dll
0x00007ffdffa50000 - 0x00007ffdffaa2000 	C:\Windows\System32\shlwapi.dll
0x00007ffdfdc90000 - 0x00007ffdfdca7000 	C:\Windows\System32\cryptsp.dll
0x00007ffddc8a0000 - 0x00007ffddc8b9000 	C:\Program Files\AdoptOpenJDK\jdk-11.0.10.9-hotspot\bin\net.dll
0x00007ffdf43c0000 - 0x00007ffdf44b0000 	C:\Windows\SYSTEM32\WINHTTP.dll
0x00007ffdfced0000 - 0x00007ffdfcf37000 	C:\Windows\system32\mswsock.dll
0x00007ffddb9b0000 - 0x00007ffddb9c2000 	C:\Program Files\AdoptOpenJDK\jdk-11.0.10.9-hotspot\bin\nio.dll
0x00007ffdfca50000 - 0x00007ffdfca83000 	C:\Windows\system32\rsaenh.dll
0x00007ffdfd810000 - 0x00007ffdfd836000 	C:\Windows\System32\bcrypt.dll
0x00007ffdfd5b0000 - 0x00007ffdfd5d5000 	C:\Windows\SYSTEM32\USERENV.dll
0x00007ffdfd0a0000 - 0x00007ffdfd0ac000 	C:\Windows\SYSTEM32\CRYPTBASE.dll
0x00007ffdfcbe0000 - 0x00007ffdfcc1a000 	C:\Windows\SYSTEM32\IPHLPAPI.DLL
0x00007ffdfe890000 - 0x00007ffdfe898000 	C:\Windows\System32\NSI.dll
0x00007ffdf6080000 - 0x00007ffdf6096000 	C:\Windows\SYSTEM32\dhcpcsvc6.DLL
0x00007ffdf5f90000 - 0x00007ffdf5fac000 	C:\Windows\SYSTEM32\dhcpcsvc.DLL
0x00007ffdfcc20000 - 0x00007ffdfcceb000 	C:\Windows\SYSTEM32\DNSAPI.dll
0x00007ffde5d70000 - 0x00007ffde5d7a000 	C:\Users\thomy.d\AppData\Local\Temp\jansi-1.17.1-15198086012735462071.dll
0x00007ffde59f0000 - 0x00007ffde59fa000 	C:\Users\thomy.d\AppData\Local\Temp\jansi-1.17.1-7816446200704099833.dll

dbghelp: loaded successfully - version: 4.0.5 - missing functions: none
symbol engine: initialized successfully - sym options: 0x614 - pdb path: .;C:\Program Files\AdoptOpenJDK\jdk-11.0.10.9-hotspot\bin;C:\Windows\SYSTEM32;C:\Windows\WinSxS\amd64_microsoft.windows.common-controls_6595b64144ccf1df_6.0.18362.1379_none_9e7ff3b3e45cc0c4;C:\Program Files\AdoptOpenJDK\jdk-11.0.10.9-hotspot\bin\server;C:\Users\thomy.d\AppData\Local\Temp

VM Arguments:
jvm_args: -Dmaven.multiModuleProjectDirectory=c:\Users\thomy.d\git\GestPP 
java_command: org.apache.maven.wrapper.MavenWrapperMain help:effective-pom -Doutput=c:\Users\thomy.d\AppData\Roaming\Code\User\workspaceStorage\c4f601087d09be3e0cc4f06d0376242a\vscjava.vscode-maven\abf4cb15d3b043f566e4af3a592288b1 -f c:\Users\thomy.d\git\GestPP\pom.xml
java_class_path (initial): c:\Users\thomy.d\git\GestPP\.mvn\wrapper\maven-wrapper.jar
Launcher Type: SUN_STANDARD

[Global flags]
     intx CICompilerCount                          = 4                                         {product} {ergonomic}
     uint ConcGCThreads                            = 2                                         {product} {ergonomic}
     uint G1ConcRefinementThreads                  = 8                                         {product} {ergonomic}
   size_t G1HeapRegionSize                         = 1048576                                   {product} {ergonomic}
    uintx GCDrainStackTargetSize                   = 64                                        {product} {ergonomic}
   size_t InitialHeapSize                          = 134217728                                 {product} {ergonomic}
   size_t MarkStackSize                            = 4194304                                   {product} {ergonomic}
   size_t MaxHeapSize                              = 2120220672                                {product} {ergonomic}
   size_t MaxNewSize                               = 1271922688                                {product} {ergonomic}
   size_t MinHeapDeltaBytes                        = 1048576                                   {product} {ergonomic}
    uintx NonNMethodCodeHeapSize                   = 5836300                                {pd product} {ergonomic}
    uintx NonProfiledCodeHeapSize                  = 122910970                              {pd product} {ergonomic}
    uintx ProfiledCodeHeapSize                     = 122910970                              {pd product} {ergonomic}
    uintx ReservedCodeCacheSize                    = 251658240                              {pd product} {ergonomic}
     bool SegmentedCodeCache                       = true                                      {product} {ergonomic}
     bool UseCompressedClassPointers               = true                                 {lp64_product} {ergonomic}
     bool UseCompressedOops                        = true                                 {lp64_product} {ergonomic}
     bool UseG1GC                                  = true                                      {product} {ergonomic}
     bool UseLargePagesIndividualAllocation        = false                                  {pd product} {ergonomic}

Logging:
Log output configuration:
 #0: stdout all=warning uptime,level,tags
 #1: stderr all=off uptime,level,tags

Environment Variables:
JAVA_HOME=C:\Program Files\AdoptOpenJDK\jdk-11.0.10.9-hotspot\
PATH=C:\ProgramData\Oracle\Java\javapath;C:\Program Files\AdoptOpenJDK\jdk-11.0.10.9-hotspot\bin;C:\Windows\system32;C:\Windows;C:\Windows\System32\Wbem;C:\Windows\System32\WindowsPowerShell\v1.0\;C:\Windows\System32\OpenSSH\;C:\Program Files (x86)\Intel\Intel(R) Management Engine Components\DAL;C:\Program Files\Intel\Intel(R) Management Engine Components\DAL;D:\maven\apache-maven-3.6.3\bin;C:\JDK8\bin;C:\Program Files\dotnet\;C:\Program Files\Microsoft SQL Server\130\Tools\Binn\;C:\Program Files\Microsoft SQL Server\Client SDK\ODBC\170\Tools\Binn\;C:\Program Files\Git\cmd;C:\Program Files\nodejs\;C:\Program Files\PuTTY\;C:\Users\thomy.d\AppData\Local\Programs\Python\Python38-32\Scripts\;C:\Users\thomy.d\AppData\Local\Programs\Python\Python38-32\;C:\Users\thomy.d\AppData\Local\Programs\Microsoft VS Code\bin;C:\Program Files\heroku\bin;C:\Users\thomy.d\AppData\Roaming\npm
USERNAME=thomy.d
OS=Windows_NT
PROCESSOR_IDENTIFIER=Intel64 Family 6 Model 142 Stepping 10, GenuineIntel



---------------  S Y S T E M  ---------------

OS: Windows 10 , 64 bit Build 18362 (10.0.18362.1350)
OS uptime: 0 days 9:31 hours

CPU:total 8 (initial active 8) (4 cores per cpu, 2 threads per core) family 6 model 142 stepping 10 microcode 0xc6, cmov, cx8, fxsr, mmx, sse, sse2, sse3, ssse3, sse4.1, sse4.2, popcnt, avx, avx2, aes, clmul, erms, 3dnowpref, lzcnt, ht, tsc, tscinvbit, bmi1, bmi2, adx, fma

Memory: 4k page, system-wide physical 8087M (726M free)
TotalPageFile size 32663M (AvailPageFile size 3M)
current process WorkingSet (physical memory assigned to process): 159M, peak: 164M
current process commit charge ("private bytes"): 261M, peak: 266M

vm_info: OpenJDK 64-Bit Server VM (11.0.10+9) for windows-amd64 JRE (11.0.10+9), built on Jan 20 2021 06:07:07 by "" with MS VC++ 15.9 (VS2017)

END.
