#
# There is insufficient memory for the Java Runtime Environment to continue.
# Native memory allocation (malloc) failed to allocate 889936 bytes for Chunk::new
# Possible reasons:
#   The system is out of physical RAM or swap space
#   The process is running with CompressedOops enabled, and the Java Heap may be blocking the growth of the native heap
# Possible solutions:
#   Reduce memory load on the system
#   Increase physical memory or swap space
#   Check if swap backing store is full
#   Decrease Java heap size (-Xmx/-Xms)
#   Decrease number of Java threads
#   Decrease Java thread stack sizes (-Xss)
#   Set larger code cache with -XX:ReservedCodeCacheSize=
#   JVM is running with Unscaled Compressed Oops mode in which the Java heap is
#     placed in the first 4GB address space. The Java Heap base address is the
#     maximum limit for the native heap growth. Please use -XX:HeapBaseMinAddress
#     to set the Java Heap base and to place the Java Heap above 4GB virtual address.
# This output file may be truncated or incomplete.
#
#  Out of Memory Error (./src/hotspot/share/memory/arena.cpp:197), pid=10720, tid=11716
#
# JRE version: OpenJDK Runtime Environment AdoptOpenJDK (11.0.10+9) (build 11.0.10+9)
# Java VM: OpenJDK 64-Bit Server VM AdoptOpenJDK (11.0.10+9, mixed mode, tiered, compressed oops, parallel gc, windows-amd64)
# No core dump will be written. Minidumps are not enabled by default on client versions of Windows
#

---------------  S U M M A R Y ------------

Command Line: --add-modules=ALL-SYSTEM --add-opens=java.base/java.util=ALL-UNNAMED --add-opens=java.base/java.lang=ALL-UNNAMED -Declipse.application=org.eclipse.jdt.ls.core.id1 -Dosgi.bundles.defaultStartLevel=4 -Declipse.product=org.eclipse.jdt.ls.core.product -Dfile.encoding=utf8 -DwatchParentProcess=false -XX:+UseParallelGC -XX:GCTimeRatio=4 -XX:AdaptiveSizePolicyWeight=90 -Dsun.zip.disableMemoryMapping=true -Xmx1G -Xms100m -Xverify:none c:\Users\thomy.d\.vscode\extensions\redhat.java-0.75.0\server\plugins\org.eclipse.equinox.launcher_1.6.0.v20200915-1508.jar -configuration c:\Users\thomy.d\AppData\Roaming\Code\User\globalStorage\redhat.java\0.75.0\config_win -data c:\Users\thomy.d\AppData\Roaming\Code\User\workspaceStorage\c4f601087d09be3e0cc4f06d0376242a\redhat.java\jdt_ws

Host: Intel(R) Core(TM) i5-8250U CPU @ 1.60GHz, 8 cores, 7G,  Windows 10 , 64 bit Build 18362 (10.0.18362.1350)
Time: Thu Mar  4 17:32:26 2021 Hora estándar de Argentina elapsed time: 2880.715066 seconds (0d 0h 48m 0s)

---------------  T H R E A D  ---------------

Current thread (0x000001d89416b800):  JavaThread "C2 CompilerThread1" daemon [_thread_in_native, id=11716, stack(0x0000007b4a700000,0x0000007b4a800000)]


Current CompileTask:
C2:2880715 23876   !   4       org.eclipse.jdt.internal.compiler.parser.Scanner::getNextToken0 (3042 bytes)

Stack: [0x0000007b4a700000,0x0000007b4a800000]
Native frames: (J=compiled Java code, j=interpreted, Vv=VM code, C=native code)
V  [jvm.dll+0x5f35ea]
V  [jvm.dll+0x77c65e]
V  [jvm.dll+0x77dd2f]
V  [jvm.dll+0x77e3f3]
V  [jvm.dll+0x246c38]
V  [jvm.dll+0xbe6cc]
V  [jvm.dll+0xbedcc]
V  [jvm.dll+0x34bfd7]
V  [jvm.dll+0x198b11]
V  [jvm.dll+0x200632]
V  [jvm.dll+0x1ff70f]
V  [jvm.dll+0x1846bc]
V  [jvm.dll+0x20ec37]
V  [jvm.dll+0x20ce1b]
V  [jvm.dll+0x740b39]
V  [jvm.dll+0x739ba4]
V  [jvm.dll+0x5f2466]
C  [ucrtbase.dll+0x210b2]
C  [KERNEL32.DLL+0x17c24]
C  [ntdll.dll+0x6d721]


---------------  P R O C E S S  ---------------

Threads class SMR info:
_java_thread_list=0x000001d8899eb390, length=35, elements={
0x000001d8e6add000, 0x000001d882be6800, 0x000001d882be8000, 0x000001d883cbc000,
0x000001d883cbd000, 0x000001d883c6b000, 0x000001d883c70000, 0x000001d883cc5000,
0x000001d8e6bab800, 0x000001d883e19000, 0x000001d885079800, 0x000001d885af9000,
0x000001d885589800, 0x000001d8854f8800, 0x000001d885bf7800, 0x000001d883cbf800,
0x000001d883cc2800, 0x000001d883cc6000, 0x000001d894161000, 0x000001d893f95000,
0x000001d893f91800, 0x000001d893f93000, 0x000001d89415e800, 0x000001d894164000,
0x000001d894165000, 0x000001d89415f800, 0x000001d894160000, 0x000001d894166000,
0x000001d894166800, 0x000001d894167800, 0x000001d894161800, 0x000001d894162800,
0x000001d894169000, 0x000001d89416b800, 0x000001d89416a000
}

Java Threads: ( => current thread )
  0x000001d8e6add000 JavaThread "main" [_thread_blocked, id=3724, stack(0x0000007b47f00000,0x0000007b48000000)]
  0x000001d882be6800 JavaThread "Reference Handler" daemon [_thread_blocked, id=1764, stack(0x0000007b48200000,0x0000007b48300000)]
  0x000001d882be8000 JavaThread "Finalizer" daemon [_thread_blocked, id=5384, stack(0x0000007b48300000,0x0000007b48400000)]
  0x000001d883cbc000 JavaThread "Signal Dispatcher" daemon [_thread_blocked, id=1100, stack(0x0000007b48400000,0x0000007b48500000)]
  0x000001d883cbd000 JavaThread "Attach Listener" daemon [_thread_blocked, id=9260, stack(0x0000007b48500000,0x0000007b48600000)]
  0x000001d883c6b000 JavaThread "Service Thread" daemon [_thread_blocked, id=7248, stack(0x0000007b48600000,0x0000007b48700000)]
  0x000001d883c70000 JavaThread "C2 CompilerThread0" daemon [_thread_in_native, id=10560, stack(0x0000007b48700000,0x0000007b48800000)]
  0x000001d883cc5000 JavaThread "C1 CompilerThread0" daemon [_thread_blocked, id=1620, stack(0x0000007b48800000,0x0000007b48900000)]
  0x000001d8e6bab800 JavaThread "Sweeper thread" daemon [_thread_blocked, id=7524, stack(0x0000007b48900000,0x0000007b48a00000)]
  0x000001d883e19000 JavaThread "Common-Cleaner" daemon [_thread_blocked, id=9516, stack(0x0000007b48a00000,0x0000007b48b00000)]
  0x000001d885079800 JavaThread "Active Thread: Equinox Container: 5b7a9591-dd4b-455a-8d4a-73bbe98be6b2" [_thread_blocked, id=12116, stack(0x0000007b48e00000,0x0000007b48f00000)]
  0x000001d885af9000 JavaThread "Framework Event Dispatcher: Equinox Container: 5b7a9591-dd4b-455a-8d4a-73bbe98be6b2" daemon [_thread_blocked, id=10100, stack(0x0000007b48c00000,0x0000007b48d00000)]
  0x000001d885589800 JavaThread "Start Level: Equinox Container: 5b7a9591-dd4b-455a-8d4a-73bbe98be6b2" daemon [_thread_blocked, id=7416, stack(0x0000007b48f00000,0x0000007b49000000)]
  0x000001d8854f8800 JavaThread "SCR Component Actor" daemon [_thread_blocked, id=9284, stack(0x0000007b49300000,0x0000007b49400000)]
  0x000001d885bf7800 JavaThread "Worker-JM" [_thread_blocked, id=4464, stack(0x0000007b49500000,0x0000007b49600000)]
  0x000001d883cbf800 JavaThread "Java indexing" daemon [_thread_blocked, id=11352, stack(0x0000007b48b00000,0x0000007b48c00000)]
  0x000001d883cc2800 JavaThread "logback configurator timer" daemon [_thread_blocked, id=5508, stack(0x0000007b49d00000,0x0000007b49e00000)]
  0x000001d883cc6000 JavaThread "pool-2-thread-1" [_thread_in_native, id=8564, stack(0x0000007b49e00000,0x0000007b49f00000)]
  0x000001d894161000 JavaThread "Bundle File Closer" daemon [_thread_blocked, id=4420, stack(0x0000007b49400000,0x0000007b49500000)]
  0x000001d893f95000 JavaThread "ForkJoinPool.commonPool-worker-5" daemon [_thread_in_Java, id=8680, stack(0x0000007b4a000000,0x0000007b4a100000)]
  0x000001d893f91800 JavaThread "Keep-Alive-SocketCleaner" daemon [_thread_blocked, id=11492, stack(0x0000007b4a600000,0x0000007b4a700000)]
  0x000001d893f93000 JavaThread "ForkJoinPool.commonPool-worker-13" daemon [_thread_blocked, id=11276, stack(0x0000007b49c00000,0x0000007b49d00000)]
  0x000001d89415e800 JavaThread "ForkJoinPool.commonPool-worker-3" daemon [_thread_blocked, id=92, stack(0x0000007b47c00000,0x0000007b47d00000)]
  0x000001d894164000 JavaThread "ForkJoinPool.commonPool-worker-7" daemon [_thread_blocked, id=1932, stack(0x0000007b47e00000,0x0000007b47f00000)]
  0x000001d894165000 JavaThread "Worker-23" [_thread_blocked, id=7996, stack(0x0000007b4a100000,0x0000007b4a200000)]
  0x000001d89415f800 JavaThread "Worker-26" [_thread_blocked, id=3616, stack(0x0000007b47d00000,0x0000007b47e00000)]
  0x000001d894160000 JavaThread "Worker-27" [_thread_blocked, id=9060, stack(0x0000007b49b00000,0x0000007b49c00000)]
  0x000001d894166000 JavaThread "ForkJoinPool.commonPool-worker-9" daemon [_thread_blocked, id=8512, stack(0x0000007b49600000,0x0000007b49700000)]
  0x000001d894166800 JavaThread "Worker-28" [_thread_blocked, id=1268, stack(0x0000007b49f00000,0x0000007b4a000000)]
  0x000001d894167800 JavaThread "ForkJoinPool.commonPool-worker-11" daemon [_thread_blocked, id=10164, stack(0x0000007b4a200000,0x0000007b4a300000)]
  0x000001d894161800 JavaThread "ForkJoinPool.commonPool-worker-15" daemon [_thread_blocked, id=3060, stack(0x0000007b4a300000,0x0000007b4a400000)]
  0x000001d894162800 JavaThread "Worker-29" [_thread_blocked, id=2376, stack(0x0000007b4a400000,0x0000007b4a500000)]
  0x000001d894169000 JavaThread "Worker-30" [_thread_blocked, id=9120, stack(0x0000007b4a500000,0x0000007b4a600000)]
=>0x000001d89416b800 JavaThread "C2 CompilerThread1" daemon [_thread_in_native, id=11716, stack(0x0000007b4a700000,0x0000007b4a800000)]
  0x000001d89416a000 JavaThread "C2 CompilerThread2" daemon [_thread_in_native, id=7936, stack(0x0000007b4a800000,0x0000007b4a900000)]

Other Threads:
  0x000001d882be4000 VMThread "VM Thread" [stack: 0x0000007b48100000,0x0000007b48200000] [id=1012]
  0x000001d883f2c000 WatcherThread [stack: 0x0000007b48d00000,0x0000007b48e00000] [id=3552]
  0x000001d8e6af6000 GCTaskThread "ParGC Thread#0" [stack: 0x0000007b48000000,0x0000007b48100000] [id=2980]
  0x000001d885afb800 GCTaskThread "ParGC Thread#1" [stack: 0x0000007b49000000,0x0000007b49100000] [id=7700]
  0x000001d885afc800 GCTaskThread "ParGC Thread#2" [stack: 0x0000007b49100000,0x0000007b49200000] [id=6840]
  0x000001d8854ed800 GCTaskThread "ParGC Thread#3" [stack: 0x0000007b49200000,0x0000007b49300000] [id=9692]
  0x000001d885c6e000 GCTaskThread "ParGC Thread#4" [stack: 0x0000007b49700000,0x0000007b49800000] [id=7020]
  0x000001d885ca9800 GCTaskThread "ParGC Thread#5" [stack: 0x0000007b49800000,0x0000007b49900000] [id=8328]
  0x000001d885caa800 GCTaskThread "ParGC Thread#6" [stack: 0x0000007b49900000,0x0000007b49a00000] [id=10984]
  0x000001d885d83000 GCTaskThread "ParGC Thread#7" [stack: 0x0000007b49a00000,0x0000007b49b00000] [id=11628]

Threads with active compile tasks:
C2 CompilerThread02880752 23880       4       org.eclipse.jdt.internal.compiler.parser.Parser::consumeRule (7627 bytes)
C2 CompilerThread12880752 23876   !   4       org.eclipse.jdt.internal.compiler.parser.Scanner::getNextToken0 (3042 bytes)
C2 CompilerThread22880752 23828   !   4       org.eclipse.jdt.internal.compiler.parser.Parser::parse (913 bytes)

VM state:not at safepoint (normal execution)

VM Mutex/Monitor currently owned by a thread: None

Heap address: 0x00000000c0000000, size: 1024 MB, Compressed Oops mode: 32-bit
Narrow klass base: 0x0000000000000000, Narrow klass shift: 3
Compressed class space size: 1073741824 Address: 0x0000000100000000

Heap:
 PSYoungGen      total 1536K, used 1190K [0x00000000eab00000, 0x00000000eaf00000, 0x0000000100000000)
  eden space 1024K, 68% used [0x00000000eab00000,0x00000000eabb0718,0x00000000eac00000)
  from space 512K, 94% used [0x00000000eae00000,0x00000000eae790e8,0x00000000eae80000)
  to   space 1536K, 0% used [0x00000000eac00000,0x00000000eac00000,0x00000000ead80000)
 ParOldGen       total 190976K, used 190052K [0x00000000c0000000, 0x00000000cba80000, 0x00000000eab00000)
  object space 190976K, 99% used [0x00000000c0000000,0x00000000cb999170,0x00000000cba80000)
 Metaspace       used 86044K, capacity 89559K, committed 90004K, reserved 1130496K
  class space    used 7773K, capacity 9023K, committed 9216K, reserved 1048576K

Card table byte_map: [0x000001d8ffbd0000,0x000001d8ffde0000] _byte_map_base: 0x000001d8ff5d0000

Marking Bits: (ParMarkBitMap*) 0x00007ffdbaed70c0
 Begin Bits: [0x000001d880000000, 0x000001d881000000)
 End Bits:   [0x000001d881000000, 0x000001d882000000)

Polling page: 0x000001d8e6bb0000

Metaspace:

Usage:
  Non-class:     78.65 MB capacity,    76.44 MB ( 97%) used,     2.02 MB (  3%) free+waste,   192.25 KB ( <1%) overhead. 
      Class:      8.81 MB capacity,     7.59 MB ( 86%) used,     1.14 MB ( 13%) free+waste,    78.69 KB ( <1%) overhead. 
       Both:     87.46 MB capacity,    84.03 MB ( 96%) used,     3.17 MB (  4%) free+waste,   270.94 KB ( <1%) overhead. 

Virtual space:
  Non-class space:       80.00 MB reserved,      78.89 MB ( 99%) committed 
      Class space:        1.00 GB reserved,       9.00 MB ( <1%) committed 
             Both:        1.08 GB reserved,      87.89 MB (  8%) committed 

Chunk freelists:
   Non-Class:  252.00 KB
       Class:  129.00 KB
        Both:  381.00 KB

MaxMetaspaceSize: 17179869184.00 GB
CompressedClassSpaceSize: 1.00 GB

CodeHeap 'non-profiled nmethods': size=120000Kb used=22674Kb max_used=23171Kb free=97325Kb
 bounds [0x000001d8f84c0000, 0x000001d8f9b70000, 0x000001d8ff9f0000]
CodeHeap 'profiled nmethods': size=120000Kb used=44531Kb max_used=46150Kb free=75468Kb
 bounds [0x000001d8f0f90000, 0x000001d8f3d50000, 0x000001d8f84c0000]
CodeHeap 'non-nmethods': size=5760Kb used=1299Kb max_used=1386Kb free=4460Kb
 bounds [0x000001d8f09f0000, 0x000001d8f0c60000, 0x000001d8f0f90000]
 total_blobs=19167 nmethods=18460 adapters=614
 compilation: enabled
              stopped_count=0, restarted_count=0
 full_count=0

Compilation events (20 events):
Event: 2880.683 Thread 0x000001d883cc5000 23937       2       org.eclipse.jdt.internal.compiler.lookup.CompilationUnitScope::buildTypeBindings (697 bytes)
Event: 2880.686 Thread 0x000001d883cc5000 nmethod 23937 0x000001d8f1b3b710 code [0x000001d8f1b3bb40, 0x000001d8f1b3d088]
Event: 2880.689 Thread 0x000001d883cc5000 23939       2       org.eclipse.jdt.internal.core.search.matching.MatchLocatorParser::consumeFieldAccess (60 bytes)
Event: 2880.689 Thread 0x000001d883cc5000 nmethod 23939 0x000001d8f1880690 code [0x000001d8f1880860, 0x000001d8f1880a58]
Event: 2880.689 Thread 0x000001d883cc5000 23940       2       org.eclipse.jdt.internal.compiler.parser.Parser::consumePushRealModifiers (25 bytes)
Event: 2880.689 Thread 0x000001d883cc5000 nmethod 23940 0x000001d8f18a3910 code [0x000001d8f18a3ae0, 0x000001d8f18a3c78]
Event: 2880.694 Thread 0x000001d883cc5000 23941       2       org.eclipse.jdt.internal.compiler.lookup.LookupEnvironment::createPlainPackage (341 bytes)
Event: 2880.696 Thread 0x000001d883cc5000 nmethod 23941 0x000001d8f1adb590 code [0x000001d8f1adb8e0, 0x000001d8f1adc678]
Event: 2880.699 Thread 0x000001d883cc5000 23942   !   2       org.eclipse.jdt.internal.compiler.parser.AbstractCommentParser::parseReference (1050 bytes)
Event: 2880.705 Thread 0x000001d883cc5000 nmethod 23942 0x000001d8f1c57010 code [0x000001d8f1c57500, 0x000001d8f1c58bf8]
Event: 2880.706 Thread 0x000001d883cc5000 23945       2       org.eclipse.jdt.internal.compiler.ast.MessageSend::<init> (24 bytes)
Event: 2880.706 Thread 0x000001d883cc5000 nmethod 23945 0x000001d8f193ac10 code [0x000001d8f193adc0, 0x000001d8f193af38]
Event: 2880.706 Thread 0x000001d883cc5000 23943       2       org.eclipse.jdt.internal.compiler.parser.AbstractCommentParser::verifySpaceOrEndComment (146 bytes)
Event: 2880.706 Thread 0x000001d883cc5000 nmethod 23943 0x000001d8f1aa6590 code [0x000001d8f1aa6780, 0x000001d8f1aa6b08]
Event: 2880.706 Thread 0x000001d883cc5000 23944   !   2       org.eclipse.jdt.internal.compiler.parser.Scanner::getNextCharAsJavaIdentifierPart (261 bytes)
Event: 2880.707 Thread 0x000001d883cc5000 nmethod 23944 0x000001d8f1ac5310 code [0x000001d8f1ac5520, 0x000001d8f1ac5b68]
Event: 2880.707 Thread 0x000001d883cc5000 23946       2       org.eclipse.jdt.internal.core.search.matching.MatchingNodeSet::addMatch (143 bytes)
Event: 2880.708 Thread 0x000001d883cc5000 nmethod 23946 0x000001d8f1adaa10 code [0x000001d8f1adac40, 0x000001d8f1adb148]
Event: 2880.710 Thread 0x000001d883cc5000 23947       2       org.eclipse.jdt.internal.compiler.parser.JavadocParser::pushSeeRef (97 bytes)
Event: 2880.710 Thread 0x000001d883cc5000 nmethod 23947 0x000001d8f19d5b10 code [0x000001d8f19d5d20, 0x000001d8f19d5fc8]

GC Heap History (20 events):
Event: 2880.537 GC heap before
{Heap before GC invocations=2838 (full 59):
 PSYoungGen      total 1536K, used 1509K [0x00000000eab00000, 0x00000000eb000000, 0x0000000100000000)
  eden space 1024K, 100% used [0x00000000eab00000,0x00000000eac00000,0x00000000eac00000)
  from space 512K, 94% used [0x00000000eaf80000,0x00000000eaff9438,0x00000000eb000000)
  to   space 1536K, 0% used [0x00000000ead00000,0x00000000ead00000,0x00000000eae80000)
 ParOldGen       total 190976K, used 181950K [0x00000000c0000000, 0x00000000cba80000, 0x00000000eab00000)
  object space 190976K, 95% used [0x00000000c0000000,0x00000000cb1af878,0x00000000cba80000)
 Metaspace       used 85987K, capacity 89495K, committed 90004K, reserved 1130496K
  class space    used 7771K, capacity 9023K, committed 9216K, reserved 1048576K
}
Event: 2880.539 GC heap after
{Heap after GC invocations=2838 (full 59):
 PSYoungGen      total 2560K, used 893K [0x00000000eab00000, 0x00000000eb000000, 0x0000000100000000)
  eden space 1024K, 0% used [0x00000000eab00000,0x00000000eab00000,0x00000000eac00000)
  from space 1536K, 58% used [0x00000000ead00000,0x00000000eaddf758,0x00000000eae80000)
  to   space 1024K, 0% used [0x00000000eaf00000,0x00000000eaf00000,0x00000000eb000000)
 ParOldGen       total 190976K, used 182457K [0x00000000c0000000, 0x00000000cba80000, 0x00000000eab00000)
  object space 190976K, 95% used [0x00000000c0000000,0x00000000cb22e410,0x00000000cba80000)
 Metaspace       used 85987K, capacity 89495K, committed 90004K, reserved 1130496K
  class space    used 7771K, capacity 9023K, committed 9216K, reserved 1048576K
}
Event: 2880.557 GC heap before
{Heap before GC invocations=2839 (full 59):
 PSYoungGen      total 2560K, used 1917K [0x00000000eab00000, 0x00000000eb000000, 0x0000000100000000)
  eden space 1024K, 100% used [0x00000000eab00000,0x00000000eac00000,0x00000000eac00000)
  from space 1536K, 58% used [0x00000000ead00000,0x00000000eaddf758,0x00000000eae80000)
  to   space 1024K, 0% used [0x00000000eaf00000,0x00000000eaf00000,0x00000000eb000000)
 ParOldGen       total 190976K, used 182457K [0x00000000c0000000, 0x00000000cba80000, 0x00000000eab00000)
  object space 190976K, 95% used [0x00000000c0000000,0x00000000cb22e410,0x00000000cba80000)
 Metaspace       used 85993K, capacity 89495K, committed 90004K, reserved 1130496K
  class space    used 7771K, capacity 9023K, committed 9216K, reserved 1048576K
}
Event: 2880.560 GC heap after
{Heap after GC invocations=2839 (full 59):
 PSYoungGen      total 2048K, used 966K [0x00000000eab00000, 0x00000000eb000000, 0x0000000100000000)
  eden space 1024K, 0% used [0x00000000eab00000,0x00000000eab00000,0x00000000eac00000)
  from space 1024K, 94% used [0x00000000eaf00000,0x00000000eaff1888,0x00000000eb000000)
  to   space 1024K, 0% used [0x00000000eae00000,0x00000000eae00000,0x00000000eaf00000)
 ParOldGen       total 190976K, used 183335K [0x00000000c0000000, 0x00000000cba80000, 0x00000000eab00000)
  object space 190976K, 95% used [0x00000000c0000000,0x00000000cb309ff0,0x00000000cba80000)
 Metaspace       used 85993K, capacity 89495K, committed 90004K, reserved 1130496K
  class space    used 7771K, capacity 9023K, committed 9216K, reserved 1048576K
}
Event: 2880.575 GC heap before
{Heap before GC invocations=2840 (full 59):
 PSYoungGen      total 2048K, used 1980K [0x00000000eab00000, 0x00000000eb000000, 0x0000000100000000)
  eden space 1024K, 99% used [0x00000000eab00000,0x00000000eabfdb58,0x00000000eac00000)
  from space 1024K, 94% used [0x00000000eaf00000,0x00000000eaff1888,0x00000000eb000000)
  to   space 1024K, 0% used [0x00000000eae00000,0x00000000eae00000,0x00000000eaf00000)
 ParOldGen       total 190976K, used 183335K [0x00000000c0000000, 0x00000000cba80000, 0x00000000eab00000)
  object space 190976K, 95% used [0x00000000c0000000,0x00000000cb309ff0,0x00000000cba80000)
 Metaspace       used 85996K, capacity 89495K, committed 90004K, reserved 1130496K
  class space    used 7771K, capacity 9023K, committed 9216K, reserved 1048576K
}
Event: 2880.577 GC heap after
{Heap after GC invocations=2840 (full 59):
 PSYoungGen      total 2048K, used 627K [0x00000000eab00000, 0x00000000eaf80000, 0x0000000100000000)
  eden space 1024K, 0% used [0x00000000eab00000,0x00000000eab00000,0x00000000eac00000)
  from space 1024K, 61% used [0x00000000eae00000,0x00000000eae9cdb0,0x00000000eaf00000)
  to   space 512K, 0% used [0x00000000eaf00000,0x00000000eaf00000,0x00000000eaf80000)
 ParOldGen       total 190976K, used 184231K [0x00000000c0000000, 0x00000000cba80000, 0x00000000eab00000)
  object space 190976K, 96% used [0x00000000c0000000,0x00000000cb3e9c28,0x00000000cba80000)
 Metaspace       used 85996K, capacity 89495K, committed 90004K, reserved 1130496K
  class space    used 7771K, capacity 9023K, committed 9216K, reserved 1048576K
}
Event: 2880.592 GC heap before
{Heap before GC invocations=2841 (full 59):
 PSYoungGen      total 2048K, used 1634K [0x00000000eab00000, 0x00000000eaf80000, 0x0000000100000000)
  eden space 1024K, 98% used [0x00000000eab00000,0x00000000eabfbcd8,0x00000000eac00000)
  from space 1024K, 61% used [0x00000000eae00000,0x00000000eae9cdb0,0x00000000eaf00000)
  to   space 512K, 0% used [0x00000000eaf00000,0x00000000eaf00000,0x00000000eaf80000)
 ParOldGen       total 190976K, used 184231K [0x00000000c0000000, 0x00000000cba80000, 0x00000000eab00000)
  object space 190976K, 96% used [0x00000000c0000000,0x00000000cb3e9c28,0x00000000cba80000)
 Metaspace       used 85998K, capacity 89495K, committed 90004K, reserved 1130496K
  class space    used 7771K, capacity 9023K, committed 9216K, reserved 1048576K
}
Event: 2880.594 GC heap after
{Heap after GC invocations=2841 (full 59):
 PSYoungGen      total 1536K, used 483K [0x00000000eab00000, 0x00000000eaf80000, 0x0000000100000000)
  eden space 1024K, 0% used [0x00000000eab00000,0x00000000eab00000,0x00000000eac00000)
  from space 512K, 94% used [0x00000000eaf00000,0x00000000eaf78ec0,0x00000000eaf80000)
  to   space 1536K, 0% used [0x00000000eac80000,0x00000000eac80000,0x00000000eae00000)
 ParOldGen       total 190976K, used 184928K [0x00000000c0000000, 0x00000000cba80000, 0x00000000eab00000)
  object space 190976K, 96% used [0x00000000c0000000,0x00000000cb4980d8,0x00000000cba80000)
 Metaspace       used 85998K, capacity 89495K, committed 90004K, reserved 1130496K
  class space    used 7771K, capacity 9023K, committed 9216K, reserved 1048576K
}
Event: 2880.605 GC heap before
{Heap before GC invocations=2842 (full 59):
 PSYoungGen      total 1536K, used 1450K [0x00000000eab00000, 0x00000000eaf80000, 0x0000000100000000)
  eden space 1024K, 94% used [0x00000000eab00000,0x00000000eabf1a08,0x00000000eac00000)
  from space 512K, 94% used [0x00000000eaf00000,0x00000000eaf78ec0,0x00000000eaf80000)
  to   space 1536K, 0% used [0x00000000eac80000,0x00000000eac80000,0x00000000eae00000)
 ParOldGen       total 190976K, used 184928K [0x00000000c0000000, 0x00000000cba80000, 0x00000000eab00000)
  object space 190976K, 96% used [0x00000000c0000000,0x00000000cb4980d8,0x00000000cba80000)
 Metaspace       used 85999K, capacity 89495K, committed 90004K, reserved 1130496K
  class space    used 7771K, capacity 9023K, committed 9216K, reserved 1048576K
}
Event: 2880.607 GC heap after
{Heap after GC invocations=2842 (full 59):
 PSYoungGen      total 2560K, used 830K [0x00000000eab00000, 0x00000000eaf80000, 0x0000000100000000)
  eden space 1024K, 0% used [0x00000000eab00000,0x00000000eab00000,0x00000000eac00000)
  from space 1536K, 54% used [0x00000000eac80000,0x00000000ead4f8b8,0x00000000eae00000)
  to   space 1024K, 0% used [0x00000000eae80000,0x00000000eae80000,0x00000000eaf80000)
 ParOldGen       total 190976K, used 185427K [0x00000000c0000000, 0x00000000cba80000, 0x00000000eab00000)
  object space 190976K, 97% used [0x00000000c0000000,0x00000000cb514fd0,0x00000000cba80000)
 Metaspace       used 85999K, capacity 89495K, committed 90004K, reserved 1130496K
  class space    used 7771K, capacity 9023K, committed 9216K, reserved 1048576K
}
Event: 2880.619 GC heap before
{Heap before GC invocations=2843 (full 59):
 PSYoungGen      total 2560K, used 1820K [0x00000000eab00000, 0x00000000eaf80000, 0x0000000100000000)
  eden space 1024K, 96% used [0x00000000eab00000,0x00000000eabf78e8,0x00000000eac00000)
  from space 1536K, 54% used [0x00000000eac80000,0x00000000ead4f8b8,0x00000000eae00000)
  to   space 1024K, 0% used [0x00000000eae80000,0x00000000eae80000,0x00000000eaf80000)
 ParOldGen       total 190976K, used 185427K [0x00000000c0000000, 0x00000000cba80000, 0x00000000eab00000)
  object space 190976K, 97% used [0x00000000c0000000,0x00000000cb514fd0,0x00000000cba80000)
 Metaspace       used 86007K, capacity 89495K, committed 90004K, reserved 1130496K
  class space    used 7771K, capacity 9023K, committed 9216K, reserved 1048576K
}
Event: 2880.621 GC heap after
{Heap after GC invocations=2843 (full 59):
 PSYoungGen      total 2048K, used 692K [0x00000000eab00000, 0x00000000eaf80000, 0x0000000100000000)
  eden space 1024K, 0% used [0x00000000eab00000,0x00000000eab00000,0x00000000eac00000)
  from space 1024K, 67% used [0x00000000eae80000,0x00000000eaf2d020,0x00000000eaf80000)
  to   space 1024K, 0% used [0x00000000ead80000,0x00000000ead80000,0x00000000eae80000)
 ParOldGen       total 190976K, used 186135K [0x00000000c0000000, 0x00000000cba80000, 0x00000000eab00000)
  object space 190976K, 97% used [0x00000000c0000000,0x00000000cb5c5e00,0x00000000cba80000)
 Metaspace       used 86007K, capacity 89495K, committed 90004K, reserved 1130496K
  class space    used 7771K, capacity 9023K, committed 9216K, reserved 1048576K
}
Event: 2880.638 GC heap before
{Heap before GC invocations=2844 (full 59):
 PSYoungGen      total 2048K, used 1716K [0x00000000eab00000, 0x00000000eaf80000, 0x0000000100000000)
  eden space 1024K, 100% used [0x00000000eab00000,0x00000000eac00000,0x00000000eac00000)
  from space 1024K, 67% used [0x00000000eae80000,0x00000000eaf2d020,0x00000000eaf80000)
  to   space 1024K, 0% used [0x00000000ead80000,0x00000000ead80000,0x00000000eae80000)
 ParOldGen       total 190976K, used 186135K [0x00000000c0000000, 0x00000000cba80000, 0x00000000eab00000)
  object space 190976K, 97% used [0x00000000c0000000,0x00000000cb5c5e00,0x00000000cba80000)
 Metaspace       used 86010K, capacity 89495K, committed 90004K, reserved 1130496K
  class space    used 7771K, capacity 9023K, committed 9216K, reserved 1048576K
}
Event: 2880.640 GC heap after
{Heap after GC invocations=2844 (full 59):
 PSYoungGen      total 2048K, used 863K [0x00000000eab00000, 0x00000000eaf00000, 0x0000000100000000)
  eden space 1024K, 0% used [0x00000000eab00000,0x00000000eab00000,0x00000000eac00000)
  from space 1024K, 84% used [0x00000000ead80000,0x00000000eae57c00,0x00000000eae80000)
  to   space 512K, 0% used [0x00000000eae80000,0x00000000eae80000,0x00000000eaf00000)
 ParOldGen       total 190976K, used 186710K [0x00000000c0000000, 0x00000000cba80000, 0x00000000eab00000)
  object space 190976K, 97% used [0x00000000c0000000,0x00000000cb655b60,0x00000000cba80000)
 Metaspace       used 86010K, capacity 89495K, committed 90004K, reserved 1130496K
  class space    used 7771K, capacity 9023K, committed 9216K, reserved 1048576K
}
Event: 2880.662 GC heap before
{Heap before GC invocations=2845 (full 59):
 PSYoungGen      total 2048K, used 1887K [0x00000000eab00000, 0x00000000eaf00000, 0x0000000100000000)
  eden space 1024K, 100% used [0x00000000eab00000,0x00000000eac00000,0x00000000eac00000)
  from space 1024K, 84% used [0x00000000ead80000,0x00000000eae57c00,0x00000000eae80000)
  to   space 512K, 0% used [0x00000000eae80000,0x00000000eae80000,0x00000000eaf00000)
 ParOldGen       total 190976K, used 186710K [0x00000000c0000000, 0x00000000cba80000, 0x00000000eab00000)
  object space 190976K, 97% used [0x00000000c0000000,0x00000000cb655b60,0x00000000cba80000)
 Metaspace       used 86010K, capacity 89495K, committed 90004K, reserved 1130496K
  class space    used 7771K, capacity 9023K, committed 9216K, reserved 1048576K
}
Event: 2880.664 GC heap after
{Heap after GC invocations=2845 (full 59):
 PSYoungGen      total 1536K, used 464K [0x00000000eab00000, 0x00000000eaf00000, 0x0000000100000000)
  eden space 1024K, 0% used [0x00000000eab00000,0x00000000eab00000,0x00000000eac00000)
  from space 512K, 90% used [0x00000000eae80000,0x00000000eaef4220,0x00000000eaf00000)
  to   space 1024K, 0% used [0x00000000ead00000,0x00000000ead00000,0x00000000eae00000)
 ParOldGen       total 190976K, used 187485K [0x00000000c0000000, 0x00000000cba80000, 0x00000000eab00000)
  object space 190976K, 98% used [0x00000000c0000000,0x00000000cb717760,0x00000000cba80000)
 Metaspace       used 86010K, capacity 89495K, committed 90004K, reserved 1130496K
  class space    used 7771K, capacity 9023K, committed 9216K, reserved 1048576K
}
Event: 2880.678 GC heap before
{Heap before GC invocations=2846 (full 59):
 PSYoungGen      total 1536K, used 1488K [0x00000000eab00000, 0x00000000eaf00000, 0x0000000100000000)
  eden space 1024K, 100% used [0x00000000eab00000,0x00000000eac00000,0x00000000eac00000)
  from space 512K, 90% used [0x00000000eae80000,0x00000000eaef4220,0x00000000eaf00000)
  to   space 1024K, 0% used [0x00000000ead00000,0x00000000ead00000,0x00000000eae00000)
 ParOldGen       total 190976K, used 187485K [0x00000000c0000000, 0x00000000cba80000, 0x00000000eab00000)
  object space 190976K, 98% used [0x00000000c0000000,0x00000000cb717760,0x00000000cba80000)
 Metaspace       used 86012K, capacity 89495K, committed 90004K, reserved 1130496K
  class space    used 7771K, capacity 9023K, committed 9216K, reserved 1048576K
}
Event: 2880.679 GC heap after
{Heap after GC invocations=2846 (full 59):
 PSYoungGen      total 2048K, used 736K [0x00000000eab00000, 0x00000000eaf00000, 0x0000000100000000)
  eden space 1024K, 0% used [0x00000000eab00000,0x00000000eab00000,0x00000000eac00000)
  from space 1024K, 71% used [0x00000000ead00000,0x00000000eadb8300,0x00000000eae00000)
  to   space 1024K, 0% used [0x00000000eae00000,0x00000000eae00000,0x00000000eaf00000)
 ParOldGen       total 190976K, used 187853K [0x00000000c0000000, 0x00000000cba80000, 0x00000000eab00000)
  object space 190976K, 98% used [0x00000000c0000000,0x00000000cb773690,0x00000000cba80000)
 Metaspace       used 86012K, capacity 89495K, committed 90004K, reserved 1130496K
  class space    used 7771K, capacity 9023K, committed 9216K, reserved 1048576K
}
Event: 2880.699 GC heap before
{Heap before GC invocations=2847 (full 59):
 PSYoungGen      total 2048K, used 1760K [0x00000000eab00000, 0x00000000eaf00000, 0x0000000100000000)
  eden space 1024K, 100% used [0x00000000eab00000,0x00000000eac00000,0x00000000eac00000)
  from space 1024K, 71% used [0x00000000ead00000,0x00000000eadb8300,0x00000000eae00000)
  to   space 1024K, 0% used [0x00000000eae00000,0x00000000eae00000,0x00000000eaf00000)
 ParOldGen       total 190976K, used 187853K [0x00000000c0000000, 0x00000000cba80000, 0x00000000eab00000)
  object space 190976K, 98% used [0x00000000c0000000,0x00000000cb773690,0x00000000cba80000)
 Metaspace       used 86026K, capacity 89495K, committed 90004K, reserved 1130496K
  class space    used 7773K, capacity 9023K, committed 9216K, reserved 1048576K
}
Event: 2880.702 GC heap after
{Heap after GC invocations=2847 (full 59):
 PSYoungGen      total 2048K, used 807K [0x00000000eab00000, 0x00000000eaf00000, 0x0000000100000000)
  eden space 1024K, 0% used [0x00000000eab00000,0x00000000eab00000,0x00000000eac00000)
  from space 1024K, 78% used [0x00000000eae00000,0x00000000eaec9c70,0x00000000eaf00000)
  to   space 1024K, 0% used [0x00000000ead00000,0x00000000ead00000,0x00000000eae00000)
 ParOldGen       total 190976K, used 188579K [0x00000000c0000000, 0x00000000cba80000, 0x00000000eab00000)
  object space 190976K, 98% used [0x00000000c0000000,0x00000000cb828e98,0x00000000cba80000)
 Metaspace       used 86026K, capacity 89495K, committed 90004K, reserved 1130496K
  class space    used 7773K, capacity 9023K, committed 9216K, reserved 1048576K
}

Deoptimization events (20 events):
Event: 2880.699 Thread 0x000001d893f95000 DEOPT PACKING pc=0x000001d8f385a2f2 sp=0x0000007b4a0fe290
Event: 2880.699 Thread 0x000001d893f95000 DEOPT UNPACKING pc=0x000001d8f0a16ece sp=0x0000007b4a0fd7d0 mode 0
Event: 2880.703 Thread 0x000001d893f95000 DEOPT PACKING pc=0x000001d8f385a2f2 sp=0x0000007b4a0fe290
Event: 2880.703 Thread 0x000001d893f95000 DEOPT UNPACKING pc=0x000001d8f0a16ece sp=0x0000007b4a0fd7d0 mode 0
Event: 2880.704 Thread 0x000001d893f95000 DEOPT PACKING pc=0x000001d8f385a2f2 sp=0x0000007b4a0fe290
Event: 2880.704 Thread 0x000001d893f95000 DEOPT UNPACKING pc=0x000001d8f0a16ece sp=0x0000007b4a0fd7d0 mode 0
Event: 2880.704 Thread 0x000001d893f95000 DEOPT PACKING pc=0x000001d8f385a2f2 sp=0x0000007b4a0fe290
Event: 2880.704 Thread 0x000001d893f95000 DEOPT UNPACKING pc=0x000001d8f0a16ece sp=0x0000007b4a0fd7d0 mode 0
Event: 2880.706 Thread 0x000001d893f95000 DEOPT PACKING pc=0x000001d8f385a2f2 sp=0x0000007b4a0fe290
Event: 2880.706 Thread 0x000001d893f95000 DEOPT UNPACKING pc=0x000001d8f0a16ece sp=0x0000007b4a0fd7d0 mode 0
Event: 2880.709 Thread 0x000001d893f95000 DEOPT PACKING pc=0x000001d8f385a2f2 sp=0x0000007b4a0fe290
Event: 2880.709 Thread 0x000001d893f95000 DEOPT UNPACKING pc=0x000001d8f0a16ece sp=0x0000007b4a0fd7d0 mode 0
Event: 2880.709 Thread 0x000001d893f95000 Uncommon trap: trap_request=0xffffff4d fr.pc=0x000001d8f936b398 relative=0x00000000000020b8
Event: 2880.709 Thread 0x000001d893f95000 Uncommon trap: reason=unstable_if action=reinterpret pc=0x000001d8f936b398 method=org.eclipse.jdt.internal.compiler.lookup.ReferenceBinding.computeId()V @ 49 c2
Event: 2880.709 Thread 0x000001d893f95000 DEOPT PACKING pc=0x000001d8f936b398 sp=0x0000007b4a0fe2d0
Event: 2880.709 Thread 0x000001d893f95000 DEOPT UNPACKING pc=0x000001d8f0a170af sp=0x0000007b4a0fe270 mode 2
Event: 2880.711 Thread 0x000001d893f95000 DEOPT PACKING pc=0x000001d8f385a2f2 sp=0x0000007b4a0fe290
Event: 2880.711 Thread 0x000001d893f95000 DEOPT UNPACKING pc=0x000001d8f0a16ece sp=0x0000007b4a0fd7d0 mode 0
Event: 2880.712 Thread 0x000001d893f95000 DEOPT PACKING pc=0x000001d8f188f30e sp=0x0000007b4a0fe240
Event: 2880.712 Thread 0x000001d893f95000 DEOPT UNPACKING pc=0x000001d8f0a16ece sp=0x0000007b4a0fd750 mode 0

Classes redefined (0 events):
No events

Internal exceptions (20 events):
Event: 2880.643 Thread 0x000001d893f95000 Exception <a 'java/lang/ArrayIndexOutOfBoundsException'{0x00000000eab2b448}> (0x00000000eab2b448) thrown at [./src/hotspot/share/runtime/sharedRuntime.cpp, line 584]
Event: 2880.646 Thread 0x000001d893f95000 Exception <a 'java/lang/ArrayIndexOutOfBoundsException'{0x00000000eab503a0}> (0x00000000eab503a0) thrown at [./src/hotspot/share/runtime/sharedRuntime.cpp, line 584]
Event: 2880.664 Thread 0x000001d893f95000 Exception <a 'java/lang/ArrayIndexOutOfBoundsException'{0x00000000eab058d0}> (0x00000000eab058d0) thrown at [./src/hotspot/share/runtime/sharedRuntime.cpp, line 584]
Event: 2880.665 Thread 0x000001d893f95000 Exception <a 'java/lang/ArrayIndexOutOfBoundsException'{0x00000000eab12870}> (0x00000000eab12870) thrown at [./src/hotspot/share/runtime/sharedRuntime.cpp, line 584]
Event: 2880.667 Thread 0x000001d893f95000 Exception <a 'java/lang/ArrayIndexOutOfBoundsException'{0x00000000eab28a68}> (0x00000000eab28a68) thrown at [./src/hotspot/share/runtime/sharedRuntime.cpp, line 584]
Event: 2880.671 Thread 0x000001d893f95000 Exception <a 'java/lang/ArrayIndexOutOfBoundsException'{0x00000000eab4a8b8}> (0x00000000eab4a8b8) thrown at [./src/hotspot/share/runtime/sharedRuntime.cpp, line 584]
Event: 2880.675 Thread 0x000001d893f95000 Exception <a 'java/lang/ArrayIndexOutOfBoundsException'{0x00000000eabd1e38}> (0x00000000eabd1e38) thrown at [./src/hotspot/share/runtime/sharedRuntime.cpp, line 584]
Event: 2880.676 Thread 0x000001d893f95000 Exception <a 'java/lang/ArrayIndexOutOfBoundsException'{0x00000000eabe3920}> (0x00000000eabe3920) thrown at [./src/hotspot/share/runtime/sharedRuntime.cpp, line 584]
Event: 2880.677 Thread 0x000001d893f95000 Exception <a 'java/lang/ArrayIndexOutOfBoundsException'{0x00000000eabfa810}> (0x00000000eabfa810) thrown at [./src/hotspot/share/runtime/sharedRuntime.cpp, line 584]
Event: 2880.683 Thread 0x000001d893f95000 Exception <a 'java/lang/ArrayIndexOutOfBoundsException'{0x00000000eab1d6d8}> (0x00000000eab1d6d8) thrown at [./src/hotspot/share/runtime/sharedRuntime.cpp, line 584]
Event: 2880.688 Thread 0x000001d893f95000 Exception <a 'java/lang/ArrayIndexOutOfBoundsException'{0x00000000eab58ad8}> (0x00000000eab58ad8) thrown at [./src/hotspot/share/runtime/sharedRuntime.cpp, line 584]
Event: 2880.692 Thread 0x000001d893f95000 Exception <a 'java/lang/ArrayIndexOutOfBoundsException'{0x00000000eab893a8}> (0x00000000eab893a8) thrown at [./src/hotspot/share/runtime/sharedRuntime.cpp, line 584]
Event: 2880.694 Thread 0x000001d893f95000 Exception <a 'java/lang/ArrayIndexOutOfBoundsException'{0x00000000eabaa3b0}> (0x00000000eabaa3b0) thrown at [./src/hotspot/share/runtime/sharedRuntime.cpp, line 584]
Event: 2880.704 Thread 0x000001d893f95000 Exception <a 'java/lang/ArrayIndexOutOfBoundsException'{0x00000000eab15158}> (0x00000000eab15158) thrown at [./src/hotspot/share/runtime/sharedRuntime.cpp, line 584]
Event: 2880.707 Thread 0x000001d893f95000 Exception <a 'java/lang/ArrayIndexOutOfBoundsException'{0x00000000eab46e58}> (0x00000000eab46e58) thrown at [./src/hotspot/share/runtime/sharedRuntime.cpp, line 584]
Event: 2880.709 Thread 0x000001d893f95000 Exception <a 'java/lang/ArrayIndexOutOfBoundsException'{0x00000000eab5bc00}> (0x00000000eab5bc00) thrown at [./src/hotspot/share/runtime/sharedRuntime.cpp, line 584]
Event: 2880.709 Thread 0x000001d893f95000 Exception <a 'java/lang/ArrayIndexOutOfBoundsException'{0x00000000eab68a28}> (0x00000000eab68a28) thrown at [./src/hotspot/share/runtime/sharedRuntime.cpp, line 584]
Event: 2880.710 Thread 0x000001d893f95000 Exception <a 'java/lang/ArrayIndexOutOfBoundsException'{0x00000000eab79c58}> (0x00000000eab79c58) thrown at [./src/hotspot/share/runtime/sharedRuntime.cpp, line 584]
Event: 2880.711 Thread 0x000001d893f95000 Exception <a 'java/lang/ArrayIndexOutOfBoundsException'{0x00000000eab91840}> (0x00000000eab91840) thrown at [./src/hotspot/share/runtime/sharedRuntime.cpp, line 584]
Event: 2880.712 Thread 0x000001d893f95000 Exception <a 'java/lang/ArrayIndexOutOfBoundsException'{0x00000000eaba4308}> (0x00000000eaba4308) thrown at [./src/hotspot/share/runtime/sharedRuntime.cpp, line 584]

Events (20 events):
Event: 2880.537 Executing VM operation: ParallelGCFailedAllocation
Event: 2880.539 Executing VM operation: ParallelGCFailedAllocation done
Event: 2880.557 Executing VM operation: ParallelGCFailedAllocation
Event: 2880.560 Executing VM operation: ParallelGCFailedAllocation done
Event: 2880.575 Executing VM operation: ParallelGCFailedAllocation
Event: 2880.577 Executing VM operation: ParallelGCFailedAllocation done
Event: 2880.592 Executing VM operation: ParallelGCFailedAllocation
Event: 2880.594 Executing VM operation: ParallelGCFailedAllocation done
Event: 2880.605 Executing VM operation: ParallelGCFailedAllocation
Event: 2880.607 Executing VM operation: ParallelGCFailedAllocation done
Event: 2880.619 Executing VM operation: ParallelGCFailedAllocation
Event: 2880.621 Executing VM operation: ParallelGCFailedAllocation done
Event: 2880.638 Executing VM operation: ParallelGCFailedAllocation
Event: 2880.640 Executing VM operation: ParallelGCFailedAllocation done
Event: 2880.662 Executing VM operation: ParallelGCFailedAllocation
Event: 2880.664 Executing VM operation: ParallelGCFailedAllocation done
Event: 2880.677 Executing VM operation: ParallelGCFailedAllocation
Event: 2880.680 Executing VM operation: ParallelGCFailedAllocation done
Event: 2880.699 Executing VM operation: ParallelGCFailedAllocation
Event: 2880.702 Executing VM operation: ParallelGCFailedAllocation done


Dynamic libraries:
0x00007ff611210000 - 0x00007ff61121d000 	C:\Program Files\AdoptOpenJDK\jdk-11.0.10.9-hotspot\bin\java.exe
0x00007ffe007e0000 - 0x00007ffe009d0000 	C:\Windows\SYSTEM32\ntdll.dll
0x00007ffdff360000 - 0x00007ffdff412000 	C:\Windows\System32\KERNEL32.DLL
0x00007ffdfd9e0000 - 0x00007ffdfdc85000 	C:\Windows\System32\KERNELBASE.dll
0x00007ffdfd8e0000 - 0x00007ffdfd9da000 	C:\Windows\System32\ucrtbase.dll
0x00007ffdf3110000 - 0x00007ffdf3127000 	C:\Program Files\AdoptOpenJDK\jdk-11.0.10.9-hotspot\bin\jli.dll
0x00007ffdf3920000 - 0x00007ffdf3935000 	C:\Program Files\AdoptOpenJDK\jdk-11.0.10.9-hotspot\bin\VCRUNTIME140.dll
0x00007ffe00530000 - 0x00007ffe006c4000 	C:\Windows\System32\USER32.dll
0x00007ffdea200000 - 0x00007ffdea484000 	C:\Windows\WinSxS\amd64_microsoft.windows.common-controls_6595b64144ccf1df_6.0.18362.1379_none_9e7ff3b3e45cc0c4\COMCTL32.dll
0x00007ffdfdcb0000 - 0x00007ffdfdcd1000 	C:\Windows\System32\win32u.dll
0x00007ffdfea60000 - 0x00007ffdfeafe000 	C:\Windows\System32\msvcrt.dll
0x00007ffdfea30000 - 0x00007ffdfea56000 	C:\Windows\System32\GDI32.dll
0x00007ffdff680000 - 0x00007ffdff9b7000 	C:\Windows\System32\combase.dll
0x00007ffe00410000 - 0x00007ffe0052f000 	C:\Windows\System32\RPCRT4.dll
0x00007ffdfdf30000 - 0x00007ffdfdfb1000 	C:\Windows\System32\bcryptPrimitives.dll
0x00007ffdfdd30000 - 0x00007ffdfdec8000 	C:\Windows\System32\gdi32full.dll
0x00007ffdfd840000 - 0x00007ffdfd8de000 	C:\Windows\System32\msvcp_win.dll
0x00007ffdff9c0000 - 0x00007ffdff9ee000 	C:\Windows\System32\IMM32.DLL
0x00007ffdcab40000 - 0x00007ffdcabdb000 	C:\Program Files\AdoptOpenJDK\jdk-11.0.10.9-hotspot\bin\msvcp140.dll
0x00007ffdba450000 - 0x00007ffdbaf93000 	C:\Program Files\AdoptOpenJDK\jdk-11.0.10.9-hotspot\bin\server\jvm.dll
0x00007ffe00360000 - 0x00007ffe00403000 	C:\Windows\System32\ADVAPI32.dll
0x00007ffdff5e0000 - 0x00007ffdff677000 	C:\Windows\System32\sechost.dll
0x00007ffdffbf0000 - 0x00007ffdffbf8000 	C:\Windows\System32\PSAPI.DLL
0x00007ffdf1040000 - 0x00007ffdf1049000 	C:\Windows\SYSTEM32\WSOCK32.dll
0x00007ffe002f0000 - 0x00007ffe0035f000 	C:\Windows\System32\WS2_32.dll
0x00007ffdf8bd0000 - 0x00007ffdf8bda000 	C:\Windows\SYSTEM32\VERSION.dll
0x00007ffdfb390000 - 0x00007ffdfb3b4000 	C:\Windows\SYSTEM32\WINMM.dll
0x00007ffdfb330000 - 0x00007ffdfb35d000 	C:\Windows\SYSTEM32\winmmbase.dll
0x00007ffdfdce0000 - 0x00007ffdfdd2a000 	C:\Windows\System32\cfgmgr32.dll
0x00007ffdfd740000 - 0x00007ffdfd751000 	C:\Windows\System32\kernel.appcore.dll
0x00007ffdf2b60000 - 0x00007ffdf2b70000 	C:\Program Files\AdoptOpenJDK\jdk-11.0.10.9-hotspot\bin\verify.dll
0x00007ffdfbf70000 - 0x00007ffdfc164000 	C:\Windows\SYSTEM32\DBGHELP.DLL
0x00007ffde5940000 - 0x00007ffde596a000 	C:\Windows\SYSTEM32\dbgcore.DLL
0x00007ffdde6c0000 - 0x00007ffdde6e8000 	C:\Program Files\AdoptOpenJDK\jdk-11.0.10.9-hotspot\bin\java.dll
0x00007ffdf0b10000 - 0x00007ffdf0b1a000 	C:\Program Files\AdoptOpenJDK\jdk-11.0.10.9-hotspot\bin\jimage.dll
0x00007ffde17d0000 - 0x00007ffde17e7000 	C:\Program Files\AdoptOpenJDK\jdk-11.0.10.9-hotspot\bin\zip.dll
0x00007ffdffc00000 - 0x00007ffe002e8000 	C:\Windows\System32\SHELL32.dll
0x00007ffdfe980000 - 0x00007ffdfea27000 	C:\Windows\System32\shcore.dll
0x00007ffdfe110000 - 0x00007ffdfe88b000 	C:\Windows\System32\windows.storage.dll
0x00007ffdfd6f0000 - 0x00007ffdfd713000 	C:\Windows\System32\profapi.dll
0x00007ffdfd6a0000 - 0x00007ffdfd6ea000 	C:\Windows\System32\powrprof.dll
0x00007ffdfd690000 - 0x00007ffdfd6a0000 	C:\Windows\System32\UMPDC.dll
0x00007ffdffa50000 - 0x00007ffdffaa2000 	C:\Windows\System32\shlwapi.dll
0x00007ffdfdc90000 - 0x00007ffdfdca7000 	C:\Windows\System32\cryptsp.dll
0x00007ffddd020000 - 0x00007ffddd039000 	C:\Program Files\AdoptOpenJDK\jdk-11.0.10.9-hotspot\bin\net.dll
0x00007ffdf43c0000 - 0x00007ffdf44b0000 	C:\Windows\SYSTEM32\WINHTTP.dll
0x00007ffdfced0000 - 0x00007ffdfcf37000 	C:\Windows\system32\mswsock.dll
0x00007ffddc8a0000 - 0x00007ffddc8b2000 	C:\Program Files\AdoptOpenJDK\jdk-11.0.10.9-hotspot\bin\nio.dll
0x00007ffdfca50000 - 0x00007ffdfca83000 	C:\Windows\system32\rsaenh.dll
0x00007ffdfd810000 - 0x00007ffdfd836000 	C:\Windows\System32\bcrypt.dll
0x00007ffdfd5b0000 - 0x00007ffdfd5d5000 	C:\Windows\SYSTEM32\USERENV.dll
0x00007ffdfd0a0000 - 0x00007ffdfd0ac000 	C:\Windows\SYSTEM32\CRYPTBASE.dll
0x00007ffdfcbe0000 - 0x00007ffdfcc1a000 	C:\Windows\SYSTEM32\IPHLPAPI.DLL
0x00007ffdfe890000 - 0x00007ffdfe898000 	C:\Windows\System32\NSI.dll
0x00007ffdf6080000 - 0x00007ffdf6096000 	C:\Windows\SYSTEM32\dhcpcsvc6.DLL
0x00007ffdf5f90000 - 0x00007ffdf5fac000 	C:\Windows\SYSTEM32\dhcpcsvc.DLL
0x00007ffdfcc20000 - 0x00007ffdfcceb000 	C:\Windows\SYSTEM32\DNSAPI.dll
0x00007ffdd2b10000 - 0x00007ffdd2b3a000 	C:\Users\thomy.d\AppData\Roaming\Code\User\globalStorage\redhat.java\0.75.0\config_win\org.eclipse.equinox.launcher\org.eclipse.equinox.launcher.win32.win32.x86_64_1.2.0.v20200915-1442\eclipse_11100.dll
0x00007ffddb0a0000 - 0x00007ffddb0b1000 	C:\Users\thomy.d\AppData\Roaming\Code\User\globalStorage\redhat.java\0.75.0\config_win\org.eclipse.osgi\23\0\.cp\jWinHttp-1.0.0.dll
0x00007ffdfeb80000 - 0x00007ffdfecd7000 	C:\Windows\System32\ole32.dll
0x00007ffddae60000 - 0x00007ffddae85000 	C:\Program Files\AdoptOpenJDK\jdk-11.0.10.9-hotspot\bin\sunec.dll
0x00007ffdf63e0000 - 0x00007ffdf63ee000 	C:\Program Files\AdoptOpenJDK\jdk-11.0.10.9-hotspot\bin\sunmscapi.dll
0x00007ffdfdfc0000 - 0x00007ffdfe10a000 	C:\Windows\System32\CRYPT32.dll
0x00007ffdfd720000 - 0x00007ffdfd732000 	C:\Windows\System32\MSASN1.dll
0x00007ffdfd1a0000 - 0x00007ffdfd1c6000 	C:\Windows\SYSTEM32\ncrypt.dll
0x00007ffdfd160000 - 0x00007ffdfd19b000 	C:\Windows\SYSTEM32\NTASN1.dll
0x00007ffdf36a0000 - 0x00007ffdf36aa000 	C:\Windows\System32\rasadhlp.dll
0x00007ffdf5950000 - 0x00007ffdf59c7000 	C:\Windows\System32\fwpuclnt.dll

dbghelp: loaded successfully - version: 4.0.5 - missing functions: none
symbol engine: initialized successfully - sym options: 0x614 - pdb path: .;C:\Program Files\AdoptOpenJDK\jdk-11.0.10.9-hotspot\bin;C:\Windows\SYSTEM32;C:\Windows\WinSxS\amd64_microsoft.windows.common-controls_6595b64144ccf1df_6.0.18362.1379_none_9e7ff3b3e45cc0c4;C:\Program Files\AdoptOpenJDK\jdk-11.0.10.9-hotspot\bin\server;C:\Users\thomy.d\AppData\Roaming\Code\User\globalStorage\redhat.java\0.75.0\config_win\org.eclipse.equinox.launcher\org.eclipse.equinox.launcher.win32.win32.x86_64_1.2.0.v20200915-1442;C:\Users\thomy.d\AppData\Roaming\Code\User\globalStorage\redhat.java\0.75.0\config_win\org.eclipse.osgi\23\0\.cp

VM Arguments:
jvm_args: --add-modules=ALL-SYSTEM --add-opens=java.base/java.util=ALL-UNNAMED --add-opens=java.base/java.lang=ALL-UNNAMED -Declipse.application=org.eclipse.jdt.ls.core.id1 -Dosgi.bundles.defaultStartLevel=4 -Declipse.product=org.eclipse.jdt.ls.core.product -Dfile.encoding=utf8 -DwatchParentProcess=false -XX:+UseParallelGC -XX:GCTimeRatio=4 -XX:AdaptiveSizePolicyWeight=90 -Dsun.zip.disableMemoryMapping=true -Xmx1G -Xms100m -Xverify:none 
java_command: c:\Users\thomy.d\.vscode\extensions\redhat.java-0.75.0\server\plugins\org.eclipse.equinox.launcher_1.6.0.v20200915-1508.jar -configuration c:\Users\thomy.d\AppData\Roaming\Code\User\globalStorage\redhat.java\0.75.0\config_win -data c:\Users\thomy.d\AppData\Roaming\Code\User\workspaceStorage\c4f601087d09be3e0cc4f06d0376242a\redhat.java\jdt_ws
java_class_path (initial): c:\Users\thomy.d\.vscode\extensions\redhat.java-0.75.0\server\plugins\org.eclipse.equinox.launcher_1.6.0.v20200915-1508.jar
Launcher Type: SUN_STANDARD

[Global flags]
    uintx AdaptiveSizePolicyWeight                 = 90                                        {product} {command line}
     bool BytecodeVerificationLocal                = false                                     {product} {command line}
     bool BytecodeVerificationRemote               = false                                     {product} {command line}
     intx CICompilerCount                          = 4                                         {product} {ergonomic}
    uintx GCTimeRatio                              = 4                                         {product} {command line}
   size_t InitialHeapSize                          = 104857600                                 {product} {command line}
   size_t MaxHeapSize                              = 1073741824                                {product} {command line}
   size_t MaxNewSize                               = 357564416                                 {product} {ergonomic}
   size_t MinHeapDeltaBytes                        = 524288                                    {product} {ergonomic}
   size_t NewSize                                  = 34603008                                  {product} {ergonomic}
    uintx NonNMethodCodeHeapSize                   = 5836300                                {pd product} {ergonomic}
    uintx NonProfiledCodeHeapSize                  = 122910970                              {pd product} {ergonomic}
   size_t OldSize                                  = 70254592                                  {product} {ergonomic}
    uintx ProfiledCodeHeapSize                     = 122910970                              {pd product} {ergonomic}
    uintx ReservedCodeCacheSize                    = 251658240                              {pd product} {ergonomic}
     bool SegmentedCodeCache                       = true                                      {product} {ergonomic}
     bool UseCompressedClassPointers               = true                                 {lp64_product} {ergonomic}
     bool UseCompressedOops                        = true                                 {lp64_product} {ergonomic}
     bool UseLargePagesIndividualAllocation        = false                                  {pd product} {ergonomic}
     bool UseParallelGC                            = true                                      {product} {command line}

Logging:
Log output configuration:
 #0: stdout all=warning uptime,level,tags
 #1: stderr all=off uptime,level,tags

Environment Variables:
JAVA_HOME=C:\Program Files\AdoptOpenJDK\jdk-11.0.10.9-hotspot\
PATH=C:\ProgramData\Oracle\Java\javapath;C:\Program Files\AdoptOpenJDK\jdk-11.0.10.9-hotspot\bin;C:\Windows\system32;C:\Windows;C:\Windows\System32\Wbem;C:\Windows\System32\WindowsPowerShell\v1.0\;C:\Windows\System32\OpenSSH\;C:\Program Files (x86)\Intel\Intel(R) Management Engine Components\DAL;C:\Program Files\Intel\Intel(R) Management Engine Components\DAL;D:\maven\apache-maven-3.6.3\bin;C:\JDK8\bin;C:\Program Files\dotnet\;C:\Program Files\Microsoft SQL Server\130\Tools\Binn\;C:\Program Files\Microsoft SQL Server\Client SDK\ODBC\170\Tools\Binn\;C:\Program Files\Git\cmd;C:\Program Files\nodejs\;C:\Program Files\PuTTY\;C:\Users\thomy.d\AppData\Local\Programs\Python\Python38-32\Scripts\;C:\Users\thomy.d\AppData\Local\Programs\Python\Python38-32\;C:\Users\thomy.d\AppData\Local\Programs\Microsoft VS Code\bin;C:\Program Files\heroku\bin;C:\Users\thomy.d\AppData\Roaming\npm
USERNAME=thomy.d
OS=Windows_NT
PROCESSOR_IDENTIFIER=Intel64 Family 6 Model 142 Stepping 10, GenuineIntel



---------------  S Y S T E M  ---------------

OS: Windows 10 , 64 bit Build 18362 (10.0.18362.1350)
OS uptime: 0 days 9:29 hours

CPU:total 8 (initial active 8) (4 cores per cpu, 2 threads per core) family 6 model 142 stepping 10 microcode 0xc6, cmov, cx8, fxsr, mmx, sse, sse2, sse3, ssse3, sse4.1, sse4.2, popcnt, avx, avx2, aes, clmul, erms, 3dnowpref, lzcnt, ht, tsc, tscinvbit, bmi1, bmi2, adx, fma

Memory: 4k page, system-wide physical 8087M (985M free)
TotalPageFile size 32663M (AvailPageFile size 4M)
current process WorkingSet (physical memory assigned to process): 504M, peak: 577M
current process commit charge ("private bytes"): 539M, peak: 636M

vm_info: OpenJDK 64-Bit Server VM (11.0.10+9) for windows-amd64 JRE (11.0.10+9), built on Jan 20 2021 06:07:07 by "" with MS VC++ 15.9 (VS2017)

END.
